2023-05-02 20:09:08,357 [Worker-5: Loading available Gradle versions] INFO  o.e.b.c.i.u.g.PublishedGradleVersions - Gradle version information cache is up-to-date. Trying to read.
2023-05-04 22:11:10,182 [Worker-2: Loading available Gradle versions] INFO  o.e.b.c.i.u.g.PublishedGradleVersions - Gradle version information cache is out-of-date. Trying to update.
2023-05-05 00:40:30,648 [Worker-2: Loading available Gradle versions] INFO  o.e.b.c.i.u.g.PublishedGradleVersions - Gradle version information cache is up-to-date. Trying to read.
2023-05-05 00:45:19,857 [Worker-0: Loading available Gradle versions] INFO  o.e.b.c.i.u.g.PublishedGradleVersions - Gradle version information cache is up-to-date. Trying to read.
2023-05-05 02:43:32,499 [Worker-1: Loading available Gradle versions] INFO  o.e.b.c.i.u.g.PublishedGradleVersions - Gradle version information cache is up-to-date. Trying to read.
2023-05-05 03:06:01,969 [Worker-2: Loading available Gradle versions] INFO  o.e.b.c.i.u.g.PublishedGradleVersions - Gradle version information cache is up-to-date. Trying to read.
2023-05-20 23:57:06,906 [Worker-1: Loading available Gradle versions] INFO  o.e.b.c.i.u.g.PublishedGradleVersions - Gradle version information cache is up-to-date. Trying to read.
2023-05-21 00:03:07,148 [Worker-17: Launching mavenrun-ae1bd1c3-468d-4286-87b1-fb759fae692c] INFO  o.eclipse.m2e.core.internal.Bundles - getClasspathEntries(Bundle=org.eclipse.m2e.maven.runtime_3.8.604.20221130-2149 [605])
2023-05-21 00:03:07,187 [Worker-17: Launching mavenrun-ae1bd1c3-468d-4286-87b1-fb759fae692c] INFO  o.eclipse.m2e.core.internal.Bundles - 	Entry: C:\Users\AbdulRehman\.p2\pool\plugins\org.eclipse.m2e.maven.runtime_3.8.604.20221130-2149
2023-05-21 00:03:07,188 [Worker-17: Launching mavenrun-ae1bd1c3-468d-4286-87b1-fb759fae692c] INFO  o.eclipse.m2e.core.internal.Bundles - 	Entry: C:\Users\AbdulRehman\.p2\pool\plugins\org.eclipse.m2e.maven.runtime_3.8.604.20221130-2149\jars\aether-connector-okhttp-0.17.8.jar
2023-05-21 00:03:07,189 [Worker-17: Launching mavenrun-ae1bd1c3-468d-4286-87b1-fb759fae692c] INFO  o.eclipse.m2e.core.internal.Bundles - 	Entry: C:\Users\AbdulRehman\.p2\pool\plugins\org.eclipse.m2e.maven.runtime_3.8.604.20221130-2149\jars\commons-cli-1.4.jar
2023-05-21 00:03:07,189 [Worker-17: Launching mavenrun-ae1bd1c3-468d-4286-87b1-fb759fae692c] INFO  o.eclipse.m2e.core.internal.Bundles - 	Entry: C:\Users\AbdulRehman\.p2\pool\plugins\org.eclipse.m2e.maven.runtime_3.8.604.20221130-2149\jars\commons-io-2.6.jar
2023-05-21 00:03:07,190 [Worker-17: Launching mavenrun-ae1bd1c3-468d-4286-87b1-fb759fae692c] INFO  o.eclipse.m2e.core.internal.Bundles - 	Entry: C:\Users\AbdulRehman\.p2\pool\plugins\org.eclipse.m2e.maven.runtime_3.8.604.20221130-2149\jars\commons-lang3-3.8.1.jar
2023-05-21 00:03:07,190 [Worker-17: Launching mavenrun-ae1bd1c3-468d-4286-87b1-fb759fae692c] INFO  o.eclipse.m2e.core.internal.Bundles - 	Entry: C:\Users\AbdulRehman\.p2\pool\plugins\org.eclipse.m2e.maven.runtime_3.8.604.20221130-2149\jars\guice-4.2.2-no_aop.jar
2023-05-21 00:03:07,191 [Worker-17: Launching mavenrun-ae1bd1c3-468d-4286-87b1-fb759fae692c] INFO  o.eclipse.m2e.core.internal.Bundles - 	Entry: C:\Users\AbdulRehman\.p2\pool\plugins\org.eclipse.m2e.maven.runtime_3.8.604.20221130-2149\jars\jansi-2.4.0.jar
2023-05-21 00:03:07,191 [Worker-17: Launching mavenrun-ae1bd1c3-468d-4286-87b1-fb759fae692c] INFO  o.eclipse.m2e.core.internal.Bundles - 	Entry: C:\Users\AbdulRehman\.p2\pool\plugins\org.eclipse.m2e.maven.runtime_3.8.604.20221130-2149\jars\maven-artifact-3.8.6.jar
2023-05-21 00:03:07,191 [Worker-17: Launching mavenrun-ae1bd1c3-468d-4286-87b1-fb759fae692c] INFO  o.eclipse.m2e.core.internal.Bundles - 	Entry: C:\Users\AbdulRehman\.p2\pool\plugins\org.eclipse.m2e.maven.runtime_3.8.604.20221130-2149\jars\maven-builder-support-3.8.6.jar
2023-05-21 00:03:07,192 [Worker-17: Launching mavenrun-ae1bd1c3-468d-4286-87b1-fb759fae692c] INFO  o.eclipse.m2e.core.internal.Bundles - 	Entry: C:\Users\AbdulRehman\.p2\pool\plugins\org.eclipse.m2e.maven.runtime_3.8.604.20221130-2149\jars\maven-compat-3.8.6.jar
2023-05-21 00:03:07,192 [Worker-17: Launching mavenrun-ae1bd1c3-468d-4286-87b1-fb759fae692c] INFO  o.eclipse.m2e.core.internal.Bundles - 	Entry: C:\Users\AbdulRehman\.p2\pool\plugins\org.eclipse.m2e.maven.runtime_3.8.604.20221130-2149\jars\maven-core-3.8.6.jar
2023-05-21 00:03:07,193 [Worker-17: Launching mavenrun-ae1bd1c3-468d-4286-87b1-fb759fae692c] INFO  o.eclipse.m2e.core.internal.Bundles - 	Entry: C:\Users\AbdulRehman\.p2\pool\plugins\org.eclipse.m2e.maven.runtime_3.8.604.20221130-2149\jars\maven-embedder-3.8.6.jar
2023-05-21 00:03:07,193 [Worker-17: Launching mavenrun-ae1bd1c3-468d-4286-87b1-fb759fae692c] INFO  o.eclipse.m2e.core.internal.Bundles - 	Entry: C:\Users\AbdulRehman\.p2\pool\plugins\org.eclipse.m2e.maven.runtime_3.8.604.20221130-2149\jars\maven-model-3.8.6.jar
2023-05-21 00:03:07,194 [Worker-17: Launching mavenrun-ae1bd1c3-468d-4286-87b1-fb759fae692c] INFO  o.eclipse.m2e.core.internal.Bundles - 	Entry: C:\Users\AbdulRehman\.p2\pool\plugins\org.eclipse.m2e.maven.runtime_3.8.604.20221130-2149\jars\maven-model-builder-3.8.6.jar
2023-05-21 00:03:07,194 [Worker-17: Launching mavenrun-ae1bd1c3-468d-4286-87b1-fb759fae692c] INFO  o.eclipse.m2e.core.internal.Bundles - 	Entry: C:\Users\AbdulRehman\.p2\pool\plugins\org.eclipse.m2e.maven.runtime_3.8.604.20221130-2149\jars\maven-plugin-api-3.8.6.jar
2023-05-21 00:03:07,195 [Worker-17: Launching mavenrun-ae1bd1c3-468d-4286-87b1-fb759fae692c] INFO  o.eclipse.m2e.core.internal.Bundles - 	Entry: C:\Users\AbdulRehman\.p2\pool\plugins\org.eclipse.m2e.maven.runtime_3.8.604.20221130-2149\jars\maven-repository-metadata-3.8.6.jar
2023-05-21 00:03:07,195 [Worker-17: Launching mavenrun-ae1bd1c3-468d-4286-87b1-fb759fae692c] INFO  o.eclipse.m2e.core.internal.Bundles - 	Entry: C:\Users\AbdulRehman\.p2\pool\plugins\org.eclipse.m2e.maven.runtime_3.8.604.20221130-2149\jars\maven-resolver-api-1.6.3.jar
2023-05-21 00:03:07,196 [Worker-17: Launching mavenrun-ae1bd1c3-468d-4286-87b1-fb759fae692c] INFO  o.eclipse.m2e.core.internal.Bundles - 	Entry: C:\Users\AbdulRehman\.p2\pool\plugins\org.eclipse.m2e.maven.runtime_3.8.604.20221130-2149\jars\maven-resolver-connector-basic-1.6.3.jar
2023-05-21 00:03:07,196 [Worker-17: Launching mavenrun-ae1bd1c3-468d-4286-87b1-fb759fae692c] INFO  o.eclipse.m2e.core.internal.Bundles - 	Entry: C:\Users\AbdulRehman\.p2\pool\plugins\org.eclipse.m2e.maven.runtime_3.8.604.20221130-2149\jars\maven-resolver-impl-1.6.3.jar
2023-05-21 00:03:07,197 [Worker-17: Launching mavenrun-ae1bd1c3-468d-4286-87b1-fb759fae692c] INFO  o.eclipse.m2e.core.internal.Bundles - 	Entry: C:\Users\AbdulRehman\.p2\pool\plugins\org.eclipse.m2e.maven.runtime_3.8.604.20221130-2149\jars\maven-resolver-provider-3.8.6.jar
2023-05-21 00:03:07,197 [Worker-17: Launching mavenrun-ae1bd1c3-468d-4286-87b1-fb759fae692c] INFO  o.eclipse.m2e.core.internal.Bundles - 	Entry: C:\Users\AbdulRehman\.p2\pool\plugins\org.eclipse.m2e.maven.runtime_3.8.604.20221130-2149\jars\maven-resolver-spi-1.6.3.jar
2023-05-21 00:03:07,197 [Worker-17: Launching mavenrun-ae1bd1c3-468d-4286-87b1-fb759fae692c] INFO  o.eclipse.m2e.core.internal.Bundles - 	Entry: C:\Users\AbdulRehman\.p2\pool\plugins\org.eclipse.m2e.maven.runtime_3.8.604.20221130-2149\jars\maven-resolver-transport-wagon-1.6.3.jar
2023-05-21 00:03:07,198 [Worker-17: Launching mavenrun-ae1bd1c3-468d-4286-87b1-fb759fae692c] INFO  o.eclipse.m2e.core.internal.Bundles - 	Entry: C:\Users\AbdulRehman\.p2\pool\plugins\org.eclipse.m2e.maven.runtime_3.8.604.20221130-2149\jars\maven-resolver-util-1.6.3.jar
2023-05-21 00:03:07,198 [Worker-17: Launching mavenrun-ae1bd1c3-468d-4286-87b1-fb759fae692c] INFO  o.eclipse.m2e.core.internal.Bundles - 	Entry: C:\Users\AbdulRehman\.p2\pool\plugins\org.eclipse.m2e.maven.runtime_3.8.604.20221130-2149\jars\maven-settings-3.8.6.jar
2023-05-21 00:03:07,199 [Worker-17: Launching mavenrun-ae1bd1c3-468d-4286-87b1-fb759fae692c] INFO  o.eclipse.m2e.core.internal.Bundles - 	Entry: C:\Users\AbdulRehman\.p2\pool\plugins\org.eclipse.m2e.maven.runtime_3.8.604.20221130-2149\jars\maven-settings-builder-3.8.6.jar
2023-05-21 00:03:07,199 [Worker-17: Launching mavenrun-ae1bd1c3-468d-4286-87b1-fb759fae692c] INFO  o.eclipse.m2e.core.internal.Bundles - 	Entry: C:\Users\AbdulRehman\.p2\pool\plugins\org.eclipse.m2e.maven.runtime_3.8.604.20221130-2149\jars\maven-shared-utils-3.3.4.jar
2023-05-21 00:03:07,200 [Worker-17: Launching mavenrun-ae1bd1c3-468d-4286-87b1-fb759fae692c] INFO  o.eclipse.m2e.core.internal.Bundles - 	Entry: C:\Users\AbdulRehman\.p2\pool\plugins\org.eclipse.m2e.maven.runtime_3.8.604.20221130-2149\jars\okhttp-3.14.1.jar
2023-05-21 00:03:07,200 [Worker-17: Launching mavenrun-ae1bd1c3-468d-4286-87b1-fb759fae692c] INFO  o.eclipse.m2e.core.internal.Bundles - 	Entry: C:\Users\AbdulRehman\.p2\pool\plugins\org.eclipse.m2e.maven.runtime_3.8.604.20221130-2149\jars\okio-1.17.3.jar
2023-05-21 00:03:07,201 [Worker-17: Launching mavenrun-ae1bd1c3-468d-4286-87b1-fb759fae692c] INFO  o.eclipse.m2e.core.internal.Bundles - 	Entry: C:\Users\AbdulRehman\.p2\pool\plugins\org.eclipse.m2e.maven.runtime_3.8.604.20221130-2149\jars\org.eclipse.sisu.inject-0.3.5.jar
2023-05-21 00:03:07,201 [Worker-17: Launching mavenrun-ae1bd1c3-468d-4286-87b1-fb759fae692c] INFO  o.eclipse.m2e.core.internal.Bundles - 	Entry: C:\Users\AbdulRehman\.p2\pool\plugins\org.eclipse.m2e.maven.runtime_3.8.604.20221130-2149\jars\org.eclipse.sisu.plexus-0.3.5.jar
2023-05-21 00:03:07,202 [Worker-17: Launching mavenrun-ae1bd1c3-468d-4286-87b1-fb759fae692c] INFO  o.eclipse.m2e.core.internal.Bundles - 	Entry: C:\Users\AbdulRehman\.p2\pool\plugins\org.eclipse.m2e.maven.runtime_3.8.604.20221130-2149\jars\plexus-build-api-0.0.7.jar
2023-05-21 00:03:07,202 [Worker-17: Launching mavenrun-ae1bd1c3-468d-4286-87b1-fb759fae692c] INFO  o.eclipse.m2e.core.internal.Bundles - 	Entry: C:\Users\AbdulRehman\.p2\pool\plugins\org.eclipse.m2e.maven.runtime_3.8.604.20221130-2149\jars\plexus-cipher-2.0.jar
2023-05-21 00:03:07,203 [Worker-17: Launching mavenrun-ae1bd1c3-468d-4286-87b1-fb759fae692c] INFO  o.eclipse.m2e.core.internal.Bundles - 	Entry: C:\Users\AbdulRehman\.p2\pool\plugins\org.eclipse.m2e.maven.runtime_3.8.604.20221130-2149\jars\plexus-classworlds-2.6.0.jar
2023-05-21 00:03:07,203 [Worker-17: Launching mavenrun-ae1bd1c3-468d-4286-87b1-fb759fae692c] INFO  o.eclipse.m2e.core.internal.Bundles - 	Entry: C:\Users\AbdulRehman\.p2\pool\plugins\org.eclipse.m2e.maven.runtime_3.8.604.20221130-2149\jars\plexus-component-annotations-2.1.0.jar
2023-05-21 00:03:07,203 [Worker-17: Launching mavenrun-ae1bd1c3-468d-4286-87b1-fb759fae692c] INFO  o.eclipse.m2e.core.internal.Bundles - 	Entry: C:\Users\AbdulRehman\.p2\pool\plugins\org.eclipse.m2e.maven.runtime_3.8.604.20221130-2149\jars\plexus-interpolation-1.26.jar
2023-05-21 00:03:07,204 [Worker-17: Launching mavenrun-ae1bd1c3-468d-4286-87b1-fb759fae692c] INFO  o.eclipse.m2e.core.internal.Bundles - 	Entry: C:\Users\AbdulRehman\.p2\pool\plugins\org.eclipse.m2e.maven.runtime_3.8.604.20221130-2149\jars\plexus-sec-dispatcher-2.0.jar
2023-05-21 00:03:07,204 [Worker-17: Launching mavenrun-ae1bd1c3-468d-4286-87b1-fb759fae692c] INFO  o.eclipse.m2e.core.internal.Bundles - 	Entry: C:\Users\AbdulRehman\.p2\pool\plugins\org.eclipse.m2e.maven.runtime_3.8.604.20221130-2149\jars\plexus-utils-3.3.1.jar
2023-05-21 00:03:07,205 [Worker-17: Launching mavenrun-ae1bd1c3-468d-4286-87b1-fb759fae692c] INFO  o.eclipse.m2e.core.internal.Bundles - 	Entry: C:\Users\AbdulRehman\.p2\pool\plugins\org.eclipse.m2e.maven.runtime_3.8.604.20221130-2149\jars\wagon-file-3.5.1.jar
2023-05-21 00:03:07,206 [Worker-17: Launching mavenrun-ae1bd1c3-468d-4286-87b1-fb759fae692c] INFO  o.eclipse.m2e.core.internal.Bundles - 	Entry: C:\Users\AbdulRehman\.p2\pool\plugins\org.eclipse.m2e.maven.runtime_3.8.604.20221130-2149\jars\wagon-provider-api-3.5.1.jar
2023-05-21 00:03:07,212 [Worker-17: Launching mavenrun-ae1bd1c3-468d-4286-87b1-fb759fae692c] INFO  o.eclipse.m2e.core.internal.Bundles - getClasspathEntries(Bundle=com.google.guava_30.1.0.v20221112-0806 [10])
2023-05-21 00:03:07,221 [Worker-17: Launching mavenrun-ae1bd1c3-468d-4286-87b1-fb759fae692c] INFO  o.eclipse.m2e.core.internal.Bundles - 	Entry: C:\Users\AbdulRehman\.p2\pool\plugins\com.google.guava_30.1.0.v20221112-0806.jar
2023-05-21 00:03:07,221 [Worker-17: Launching mavenrun-ae1bd1c3-468d-4286-87b1-fb759fae692c] INFO  o.eclipse.m2e.core.internal.Bundles - getClasspathEntries(Bundle=slf4j.api_1.7.36 [917])
2023-05-21 00:03:07,225 [Worker-17: Launching mavenrun-ae1bd1c3-468d-4286-87b1-fb759fae692c] INFO  o.eclipse.m2e.core.internal.Bundles - 	Entry: C:\Users\AbdulRehman\.p2\pool\plugins\slf4j.api_1.7.36.jar
2023-05-21 00:03:07,225 [Worker-17: Launching mavenrun-ae1bd1c3-468d-4286-87b1-fb759fae692c] INFO  o.eclipse.m2e.core.internal.Bundles - getClasspathEntries(Bundle=javax.inject_1.0.0.v20220405-0441 [32])
2023-05-21 00:03:07,230 [Worker-17: Launching mavenrun-ae1bd1c3-468d-4286-87b1-fb759fae692c] INFO  o.eclipse.m2e.core.internal.Bundles - 	Entry: C:\Users\AbdulRehman\.p2\pool\plugins\javax.inject_1.0.0.v20220405-0441.jar
2023-05-21 00:03:07,231 [Worker-17: Launching mavenrun-ae1bd1c3-468d-4286-87b1-fb759fae692c] INFO  o.eclipse.m2e.core.internal.Bundles - getClasspathEntries(Bundle=javax.annotation_1.3.5.v20221112-0806 [30])
2023-05-21 00:03:07,235 [Worker-17: Launching mavenrun-ae1bd1c3-468d-4286-87b1-fb759fae692c] INFO  o.eclipse.m2e.core.internal.Bundles - 	Entry: C:\Users\AbdulRehman\.p2\pool\plugins\javax.annotation_1.3.5.v20221112-0806.jar
2023-05-21 00:03:07,243 [Worker-17: Launching mavenrun-ae1bd1c3-468d-4286-87b1-fb759fae692c] INFO  o.e.m.i.launch.MavenLaunchDelegate - Run build in "C:\Users\ABDULR~1\AppData\Local\Temp\m2e-archetypeGenerator6029541683384340865":
2023-05-21 00:03:07,254 [Worker-17: Launching mavenrun-ae1bd1c3-468d-4286-87b1-fb759fae692c] INFO  o.e.m.i.launch.MavenLaunchDelegate -  mvn  -DarchetypeGroupId=org.apache.maven.archetypes -DarchetypeArtifactId=maven-archetype-quickstart -DarchetypeVersion=1.1 -DgroupId=com.socialmediablogapi -DartifactId=SocialMediaBlogApi -Dversion=0.0.1-SNAPSHOT -Dpackage=com.socialmediablogapi.SocialMediaBlogApi -DoutputDirectory=F:\springwork -Dstyle.color=always -U archetype:generate
2023-05-21 00:06:28,964 [Worker-19: Launching mavenrun-6bc45de0-1b58-4a5a-8183-1dd0ab4de5ee] INFO  o.e.m.i.launch.MavenLaunchDelegate - Run build in "C:\Users\ABDULR~1\AppData\Local\Temp\m2e-archetypeGenerator4005230583982617418":
2023-05-21 00:06:28,965 [Worker-19: Launching mavenrun-6bc45de0-1b58-4a5a-8183-1dd0ab4de5ee] INFO  o.e.m.i.launch.MavenLaunchDelegate -  mvn  -DarchetypeGroupId=org.apache.maven.archetypes -DarchetypeArtifactId=maven-archetype-quickstart -DarchetypeVersion=1.1 -DgroupId=com.socialmediablogapi -DartifactId=SocialMediaBlogApi -Dversion=0.0.1-SNAPSHOT -Dpackage=com.socialmediablogapi.SocialMediaBlogApi -DoutputDirectory=E:\java -Dstyle.color=always -U archetype:generate
2023-05-21 20:47:34,673 [Worker-1: Loading available Gradle versions] INFO  o.e.b.c.i.u.g.PublishedGradleVersions - Gradle version information cache is up-to-date. Trying to read.
2023-05-21 20:48:04,325 [Worker-5: Building] INFO  o.e.m.c.i.l.LifecycleMappingFactory - Using org.eclipse.m2e.jdt.JarLifecycleMapping lifecycle mapping for MavenProject: com.socialmediablogapi:SocialMediaBlogApi:0.0.1-SNAPSHOT @ F:\springwork\SocialMediaBlogAPI\pom.xml.
2023-05-21 20:48:04,326 [Worker-4: Updating Maven Dependencies] INFO  o.e.m.c.i.l.LifecycleMappingFactory - Using org.eclipse.m2e.jdt.JarLifecycleMapping lifecycle mapping for MavenProject: com.socialmediablogapi:SocialMediaBlogApi:0.0.1-SNAPSHOT @ F:\springwork\SocialMediaBlogAPI\pom.xml.
2023-05-21 20:48:04,496 [Worker-4: Updating Maven Dependencies] WARN  o.e.m.c.i.embedder.EclipseLogger - The POM for io.javalin:javalin:jar:3.15.0 is missing, no dependency information available
2023-05-21 20:48:04,656 [Worker-5: Building] WARN  o.e.m.c.i.embedder.EclipseLogger - The POM for io.javalin:javalin:jar:3.15.0 is missing, no dependency information available
2023-05-21 20:48:17,473 [Worker-5: Building] INFO  o.e.m.c.i.embedder.EclipseLogger - Using 'UTF-8' encoding to copy filtered resources.
2023-05-21 20:48:17,474 [Worker-5: Building] INFO  o.e.m.c.i.embedder.EclipseLogger - skip non existing resourceDirectory F:\springwork\SocialMediaBlogAPI\src\main\resources
2023-05-21 20:48:17,486 [Worker-5: Building] INFO  o.e.m.c.i.embedder.EclipseLogger - Using 'UTF-8' encoding to copy filtered resources.
2023-05-21 20:48:17,488 [Worker-5: Building] INFO  o.e.m.c.i.embedder.EclipseLogger - skip non existing resourceDirectory F:\springwork\SocialMediaBlogAPI\src\test\resources
2023-05-21 20:48:19,596 [Worker-9: Updating Maven Dependencies] INFO  o.e.m.c.i.l.LifecycleMappingFactory - Using org.eclipse.m2e.jdt.JarLifecycleMapping lifecycle mapping for MavenProject: com.socialmediablogapi:SocialMediaBlogApi:0.0.1-SNAPSHOT @ F:\springwork\SocialMediaBlogAPI\pom.xml.
2023-05-21 20:48:19,603 [Worker-9: Updating Maven Dependencies] WARN  o.e.m.c.i.embedder.EclipseLogger - The POM for io.javalin:javalin:jar:3.15.0 is missing, no dependency information available
2023-05-21 20:48:20,296 [Worker-0: Building] INFO  o.e.m.c.i.embedder.EclipseLogger - Using 'UTF-8' encoding to copy filtered resources.
2023-05-21 20:48:20,296 [Worker-0: Building] INFO  o.e.m.c.i.embedder.EclipseLogger - skip non existing resourceDirectory F:\springwork\SocialMediaBlogAPI\src\main\resources
2023-05-21 20:48:20,302 [Worker-0: Building] INFO  o.e.m.c.i.embedder.EclipseLogger - Using 'UTF-8' encoding to copy filtered resources.
2023-05-21 20:48:20,303 [Worker-0: Building] INFO  o.e.m.c.i.embedder.EclipseLogger - skip non existing resourceDirectory F:\springwork\SocialMediaBlogAPI\src\test\resources
2023-05-28 20:28:35,158 [Worker-4: Loading available Gradle versions] INFO  o.e.b.c.i.u.g.PublishedGradleVersions - Gradle version information cache is out-of-date. Trying to update.
2023-05-28 20:32:54,846 [Worker-14: Launching mavenrun-e3ae8fff-5121-4706-b2bd-d96d89254313] INFO  o.eclipse.m2e.core.internal.Bundles - getClasspathEntries(Bundle=org.eclipse.m2e.maven.runtime_3.8.604.20221130-2149 [605])
2023-05-28 20:32:54,916 [Worker-14: Launching mavenrun-e3ae8fff-5121-4706-b2bd-d96d89254313] INFO  o.eclipse.m2e.core.internal.Bundles - 	Entry: C:\Users\AbdulRehman\.p2\pool\plugins\org.eclipse.m2e.maven.runtime_3.8.604.20221130-2149
2023-05-28 20:32:54,919 [Worker-14: Launching mavenrun-e3ae8fff-5121-4706-b2bd-d96d89254313] INFO  o.eclipse.m2e.core.internal.Bundles - 	Entry: C:\Users\AbdulRehman\.p2\pool\plugins\org.eclipse.m2e.maven.runtime_3.8.604.20221130-2149\jars\aether-connector-okhttp-0.17.8.jar
2023-05-28 20:32:54,920 [Worker-14: Launching mavenrun-e3ae8fff-5121-4706-b2bd-d96d89254313] INFO  o.eclipse.m2e.core.internal.Bundles - 	Entry: C:\Users\AbdulRehman\.p2\pool\plugins\org.eclipse.m2e.maven.runtime_3.8.604.20221130-2149\jars\commons-cli-1.4.jar
2023-05-28 20:32:54,921 [Worker-14: Launching mavenrun-e3ae8fff-5121-4706-b2bd-d96d89254313] INFO  o.eclipse.m2e.core.internal.Bundles - 	Entry: C:\Users\AbdulRehman\.p2\pool\plugins\org.eclipse.m2e.maven.runtime_3.8.604.20221130-2149\jars\commons-io-2.6.jar
2023-05-28 20:32:54,921 [Worker-14: Launching mavenrun-e3ae8fff-5121-4706-b2bd-d96d89254313] INFO  o.eclipse.m2e.core.internal.Bundles - 	Entry: C:\Users\AbdulRehman\.p2\pool\plugins\org.eclipse.m2e.maven.runtime_3.8.604.20221130-2149\jars\commons-lang3-3.8.1.jar
2023-05-28 20:32:54,922 [Worker-14: Launching mavenrun-e3ae8fff-5121-4706-b2bd-d96d89254313] INFO  o.eclipse.m2e.core.internal.Bundles - 	Entry: C:\Users\AbdulRehman\.p2\pool\plugins\org.eclipse.m2e.maven.runtime_3.8.604.20221130-2149\jars\guice-4.2.2-no_aop.jar
2023-05-28 20:32:54,923 [Worker-14: Launching mavenrun-e3ae8fff-5121-4706-b2bd-d96d89254313] INFO  o.eclipse.m2e.core.internal.Bundles - 	Entry: C:\Users\AbdulRehman\.p2\pool\plugins\org.eclipse.m2e.maven.runtime_3.8.604.20221130-2149\jars\jansi-2.4.0.jar
2023-05-28 20:32:54,924 [Worker-14: Launching mavenrun-e3ae8fff-5121-4706-b2bd-d96d89254313] INFO  o.eclipse.m2e.core.internal.Bundles - 	Entry: C:\Users\AbdulRehman\.p2\pool\plugins\org.eclipse.m2e.maven.runtime_3.8.604.20221130-2149\jars\maven-artifact-3.8.6.jar
2023-05-28 20:32:54,925 [Worker-14: Launching mavenrun-e3ae8fff-5121-4706-b2bd-d96d89254313] INFO  o.eclipse.m2e.core.internal.Bundles - 	Entry: C:\Users\AbdulRehman\.p2\pool\plugins\org.eclipse.m2e.maven.runtime_3.8.604.20221130-2149\jars\maven-builder-support-3.8.6.jar
2023-05-28 20:32:54,926 [Worker-14: Launching mavenrun-e3ae8fff-5121-4706-b2bd-d96d89254313] INFO  o.eclipse.m2e.core.internal.Bundles - 	Entry: C:\Users\AbdulRehman\.p2\pool\plugins\org.eclipse.m2e.maven.runtime_3.8.604.20221130-2149\jars\maven-compat-3.8.6.jar
2023-05-28 20:32:54,927 [Worker-14: Launching mavenrun-e3ae8fff-5121-4706-b2bd-d96d89254313] INFO  o.eclipse.m2e.core.internal.Bundles - 	Entry: C:\Users\AbdulRehman\.p2\pool\plugins\org.eclipse.m2e.maven.runtime_3.8.604.20221130-2149\jars\maven-core-3.8.6.jar
2023-05-28 20:32:54,929 [Worker-14: Launching mavenrun-e3ae8fff-5121-4706-b2bd-d96d89254313] INFO  o.eclipse.m2e.core.internal.Bundles - 	Entry: C:\Users\AbdulRehman\.p2\pool\plugins\org.eclipse.m2e.maven.runtime_3.8.604.20221130-2149\jars\maven-embedder-3.8.6.jar
2023-05-28 20:32:54,930 [Worker-14: Launching mavenrun-e3ae8fff-5121-4706-b2bd-d96d89254313] INFO  o.eclipse.m2e.core.internal.Bundles - 	Entry: C:\Users\AbdulRehman\.p2\pool\plugins\org.eclipse.m2e.maven.runtime_3.8.604.20221130-2149\jars\maven-model-3.8.6.jar
2023-05-28 20:32:54,931 [Worker-14: Launching mavenrun-e3ae8fff-5121-4706-b2bd-d96d89254313] INFO  o.eclipse.m2e.core.internal.Bundles - 	Entry: C:\Users\AbdulRehman\.p2\pool\plugins\org.eclipse.m2e.maven.runtime_3.8.604.20221130-2149\jars\maven-model-builder-3.8.6.jar
2023-05-28 20:32:54,932 [Worker-14: Launching mavenrun-e3ae8fff-5121-4706-b2bd-d96d89254313] INFO  o.eclipse.m2e.core.internal.Bundles - 	Entry: C:\Users\AbdulRehman\.p2\pool\plugins\org.eclipse.m2e.maven.runtime_3.8.604.20221130-2149\jars\maven-plugin-api-3.8.6.jar
2023-05-28 20:32:54,933 [Worker-14: Launching mavenrun-e3ae8fff-5121-4706-b2bd-d96d89254313] INFO  o.eclipse.m2e.core.internal.Bundles - 	Entry: C:\Users\AbdulRehman\.p2\pool\plugins\org.eclipse.m2e.maven.runtime_3.8.604.20221130-2149\jars\maven-repository-metadata-3.8.6.jar
2023-05-28 20:32:54,934 [Worker-14: Launching mavenrun-e3ae8fff-5121-4706-b2bd-d96d89254313] INFO  o.eclipse.m2e.core.internal.Bundles - 	Entry: C:\Users\AbdulRehman\.p2\pool\plugins\org.eclipse.m2e.maven.runtime_3.8.604.20221130-2149\jars\maven-resolver-api-1.6.3.jar
2023-05-28 20:32:54,935 [Worker-14: Launching mavenrun-e3ae8fff-5121-4706-b2bd-d96d89254313] INFO  o.eclipse.m2e.core.internal.Bundles - 	Entry: C:\Users\AbdulRehman\.p2\pool\plugins\org.eclipse.m2e.maven.runtime_3.8.604.20221130-2149\jars\maven-resolver-connector-basic-1.6.3.jar
2023-05-28 20:32:54,936 [Worker-14: Launching mavenrun-e3ae8fff-5121-4706-b2bd-d96d89254313] INFO  o.eclipse.m2e.core.internal.Bundles - 	Entry: C:\Users\AbdulRehman\.p2\pool\plugins\org.eclipse.m2e.maven.runtime_3.8.604.20221130-2149\jars\maven-resolver-impl-1.6.3.jar
2023-05-28 20:32:54,937 [Worker-14: Launching mavenrun-e3ae8fff-5121-4706-b2bd-d96d89254313] INFO  o.eclipse.m2e.core.internal.Bundles - 	Entry: C:\Users\AbdulRehman\.p2\pool\plugins\org.eclipse.m2e.maven.runtime_3.8.604.20221130-2149\jars\maven-resolver-provider-3.8.6.jar
2023-05-28 20:32:54,937 [Worker-14: Launching mavenrun-e3ae8fff-5121-4706-b2bd-d96d89254313] INFO  o.eclipse.m2e.core.internal.Bundles - 	Entry: C:\Users\AbdulRehman\.p2\pool\plugins\org.eclipse.m2e.maven.runtime_3.8.604.20221130-2149\jars\maven-resolver-spi-1.6.3.jar
2023-05-28 20:32:54,938 [Worker-14: Launching mavenrun-e3ae8fff-5121-4706-b2bd-d96d89254313] INFO  o.eclipse.m2e.core.internal.Bundles - 	Entry: C:\Users\AbdulRehman\.p2\pool\plugins\org.eclipse.m2e.maven.runtime_3.8.604.20221130-2149\jars\maven-resolver-transport-wagon-1.6.3.jar
2023-05-28 20:32:54,939 [Worker-14: Launching mavenrun-e3ae8fff-5121-4706-b2bd-d96d89254313] INFO  o.eclipse.m2e.core.internal.Bundles - 	Entry: C:\Users\AbdulRehman\.p2\pool\plugins\org.eclipse.m2e.maven.runtime_3.8.604.20221130-2149\jars\maven-resolver-util-1.6.3.jar
2023-05-28 20:32:54,940 [Worker-14: Launching mavenrun-e3ae8fff-5121-4706-b2bd-d96d89254313] INFO  o.eclipse.m2e.core.internal.Bundles - 	Entry: C:\Users\AbdulRehman\.p2\pool\plugins\org.eclipse.m2e.maven.runtime_3.8.604.20221130-2149\jars\maven-settings-3.8.6.jar
2023-05-28 20:32:54,941 [Worker-14: Launching mavenrun-e3ae8fff-5121-4706-b2bd-d96d89254313] INFO  o.eclipse.m2e.core.internal.Bundles - 	Entry: C:\Users\AbdulRehman\.p2\pool\plugins\org.eclipse.m2e.maven.runtime_3.8.604.20221130-2149\jars\maven-settings-builder-3.8.6.jar
2023-05-28 20:32:54,942 [Worker-14: Launching mavenrun-e3ae8fff-5121-4706-b2bd-d96d89254313] INFO  o.eclipse.m2e.core.internal.Bundles - 	Entry: C:\Users\AbdulRehman\.p2\pool\plugins\org.eclipse.m2e.maven.runtime_3.8.604.20221130-2149\jars\maven-shared-utils-3.3.4.jar
2023-05-28 20:32:54,943 [Worker-14: Launching mavenrun-e3ae8fff-5121-4706-b2bd-d96d89254313] INFO  o.eclipse.m2e.core.internal.Bundles - 	Entry: C:\Users\AbdulRehman\.p2\pool\plugins\org.eclipse.m2e.maven.runtime_3.8.604.20221130-2149\jars\okhttp-3.14.1.jar
2023-05-28 20:32:54,943 [Worker-14: Launching mavenrun-e3ae8fff-5121-4706-b2bd-d96d89254313] INFO  o.eclipse.m2e.core.internal.Bundles - 	Entry: C:\Users\AbdulRehman\.p2\pool\plugins\org.eclipse.m2e.maven.runtime_3.8.604.20221130-2149\jars\okio-1.17.3.jar
2023-05-28 20:32:54,947 [Worker-14: Launching mavenrun-e3ae8fff-5121-4706-b2bd-d96d89254313] INFO  o.eclipse.m2e.core.internal.Bundles - 	Entry: C:\Users\AbdulRehman\.p2\pool\plugins\org.eclipse.m2e.maven.runtime_3.8.604.20221130-2149\jars\org.eclipse.sisu.inject-0.3.5.jar
2023-05-28 20:32:54,948 [Worker-14: Launching mavenrun-e3ae8fff-5121-4706-b2bd-d96d89254313] INFO  o.eclipse.m2e.core.internal.Bundles - 	Entry: C:\Users\AbdulRehman\.p2\pool\plugins\org.eclipse.m2e.maven.runtime_3.8.604.20221130-2149\jars\org.eclipse.sisu.plexus-0.3.5.jar
2023-05-28 20:32:54,949 [Worker-14: Launching mavenrun-e3ae8fff-5121-4706-b2bd-d96d89254313] INFO  o.eclipse.m2e.core.internal.Bundles - 	Entry: C:\Users\AbdulRehman\.p2\pool\plugins\org.eclipse.m2e.maven.runtime_3.8.604.20221130-2149\jars\plexus-build-api-0.0.7.jar
2023-05-28 20:32:54,950 [Worker-14: Launching mavenrun-e3ae8fff-5121-4706-b2bd-d96d89254313] INFO  o.eclipse.m2e.core.internal.Bundles - 	Entry: C:\Users\AbdulRehman\.p2\pool\plugins\org.eclipse.m2e.maven.runtime_3.8.604.20221130-2149\jars\plexus-cipher-2.0.jar
2023-05-28 20:32:54,962 [Worker-14: Launching mavenrun-e3ae8fff-5121-4706-b2bd-d96d89254313] INFO  o.eclipse.m2e.core.internal.Bundles - 	Entry: C:\Users\AbdulRehman\.p2\pool\plugins\org.eclipse.m2e.maven.runtime_3.8.604.20221130-2149\jars\plexus-classworlds-2.6.0.jar
2023-05-28 20:32:54,963 [Worker-14: Launching mavenrun-e3ae8fff-5121-4706-b2bd-d96d89254313] INFO  o.eclipse.m2e.core.internal.Bundles - 	Entry: C:\Users\AbdulRehman\.p2\pool\plugins\org.eclipse.m2e.maven.runtime_3.8.604.20221130-2149\jars\plexus-component-annotations-2.1.0.jar
2023-05-28 20:32:54,964 [Worker-14: Launching mavenrun-e3ae8fff-5121-4706-b2bd-d96d89254313] INFO  o.eclipse.m2e.core.internal.Bundles - 	Entry: C:\Users\AbdulRehman\.p2\pool\plugins\org.eclipse.m2e.maven.runtime_3.8.604.20221130-2149\jars\plexus-interpolation-1.26.jar
2023-05-28 20:32:54,970 [Worker-14: Launching mavenrun-e3ae8fff-5121-4706-b2bd-d96d89254313] INFO  o.eclipse.m2e.core.internal.Bundles - 	Entry: C:\Users\AbdulRehman\.p2\pool\plugins\org.eclipse.m2e.maven.runtime_3.8.604.20221130-2149\jars\plexus-sec-dispatcher-2.0.jar
2023-05-28 20:32:54,986 [Worker-14: Launching mavenrun-e3ae8fff-5121-4706-b2bd-d96d89254313] INFO  o.eclipse.m2e.core.internal.Bundles - 	Entry: C:\Users\AbdulRehman\.p2\pool\plugins\org.eclipse.m2e.maven.runtime_3.8.604.20221130-2149\jars\plexus-utils-3.3.1.jar
2023-05-28 20:32:54,988 [Worker-14: Launching mavenrun-e3ae8fff-5121-4706-b2bd-d96d89254313] INFO  o.eclipse.m2e.core.internal.Bundles - 	Entry: C:\Users\AbdulRehman\.p2\pool\plugins\org.eclipse.m2e.maven.runtime_3.8.604.20221130-2149\jars\wagon-file-3.5.1.jar
2023-05-28 20:32:54,989 [Worker-14: Launching mavenrun-e3ae8fff-5121-4706-b2bd-d96d89254313] INFO  o.eclipse.m2e.core.internal.Bundles - 	Entry: C:\Users\AbdulRehman\.p2\pool\plugins\org.eclipse.m2e.maven.runtime_3.8.604.20221130-2149\jars\wagon-provider-api-3.5.1.jar
2023-05-28 20:32:54,996 [Worker-14: Launching mavenrun-e3ae8fff-5121-4706-b2bd-d96d89254313] INFO  o.eclipse.m2e.core.internal.Bundles - getClasspathEntries(Bundle=com.google.guava_30.1.0.v20221112-0806 [10])
2023-05-28 20:32:55,002 [Worker-14: Launching mavenrun-e3ae8fff-5121-4706-b2bd-d96d89254313] INFO  o.eclipse.m2e.core.internal.Bundles - 	Entry: C:\Users\AbdulRehman\.p2\pool\plugins\com.google.guava_30.1.0.v20221112-0806.jar
2023-05-28 20:32:55,002 [Worker-14: Launching mavenrun-e3ae8fff-5121-4706-b2bd-d96d89254313] INFO  o.eclipse.m2e.core.internal.Bundles - getClasspathEntries(Bundle=slf4j.api_1.7.36 [917])
2023-05-28 20:32:55,004 [Worker-14: Launching mavenrun-e3ae8fff-5121-4706-b2bd-d96d89254313] INFO  o.eclipse.m2e.core.internal.Bundles - 	Entry: C:\Users\AbdulRehman\.p2\pool\plugins\slf4j.api_1.7.36.jar
2023-05-28 20:32:55,005 [Worker-14: Launching mavenrun-e3ae8fff-5121-4706-b2bd-d96d89254313] INFO  o.eclipse.m2e.core.internal.Bundles - getClasspathEntries(Bundle=javax.inject_1.0.0.v20220405-0441 [32])
2023-05-28 20:32:55,010 [Worker-14: Launching mavenrun-e3ae8fff-5121-4706-b2bd-d96d89254313] INFO  o.eclipse.m2e.core.internal.Bundles - 	Entry: C:\Users\AbdulRehman\.p2\pool\plugins\javax.inject_1.0.0.v20220405-0441.jar
2023-05-28 20:32:55,010 [Worker-14: Launching mavenrun-e3ae8fff-5121-4706-b2bd-d96d89254313] INFO  o.eclipse.m2e.core.internal.Bundles - getClasspathEntries(Bundle=javax.annotation_1.3.5.v20221112-0806 [30])
2023-05-28 20:32:55,014 [Worker-14: Launching mavenrun-e3ae8fff-5121-4706-b2bd-d96d89254313] INFO  o.eclipse.m2e.core.internal.Bundles - 	Entry: C:\Users\AbdulRehman\.p2\pool\plugins\javax.annotation_1.3.5.v20221112-0806.jar
2023-05-28 20:32:55,035 [Worker-14: Launching mavenrun-e3ae8fff-5121-4706-b2bd-d96d89254313] INFO  o.e.m.i.launch.MavenLaunchDelegate - Run build in "C:\Users\ABDULR~1\AppData\Local\Temp\m2e-archetypeGenerator16814857500748784145":
2023-05-28 20:32:55,047 [Worker-14: Launching mavenrun-e3ae8fff-5121-4706-b2bd-d96d89254313] INFO  o.e.m.i.launch.MavenLaunchDelegate -  mvn  -DarchetypeGroupId=org.apache.maven.archetypes -DarchetypeArtifactId=maven-archetype-quickstart -DarchetypeVersion=1.1 -DgroupId=com.textReader -DartifactId=ImageTextReader -Dversion=0.0.1-SNAPSHOT -Dpackage=com.textreader -DoutputDirectory=F:\springwork -Dstyle.color=always -U archetype:generate
2023-05-28 20:35:30,337 [Worker-3: Creating maven-archetype-quickstart] INFO  o.e.m.c.i.p.ProjectConfigurationManager - Collecting project info '/pom.xml' F:\springwork\ImageTextReader\pom.xml
2023-05-28 20:35:38,331 [Worker-3: Creating maven-archetype-quickstart] INFO  o.e.m.c.i.l.LifecycleMappingFactory - Using org.eclipse.m2e.jdt.JarLifecycleMapping lifecycle mapping for MavenProject: com.textReader:ImageTextReader:0.0.1-SNAPSHOT @ F:\springwork\ImageTextReader\pom.xml.
2023-05-28 20:35:41,518 [Worker-3: Creating maven-archetype-quickstart] INFO  o.e.m.j.i.AbstractJavaProjectConfigurator - Adding source folder /ImageTextReader/src/main/java
2023-05-28 20:35:41,541 [Worker-3: Creating maven-archetype-quickstart] INFO  o.e.m.j.i.AbstractJavaProjectConfigurator - Adding source folder /ImageTextReader/src/test/java
2023-05-28 20:35:41,817 [Worker-3: Creating maven-archetype-quickstart] INFO  o.e.m.c.i.p.ProjectConfigurationManager - Imported and configured 1 project(s) in 11 sec
2023-05-28 20:35:42,886 [Worker-14: Building] INFO  o.e.m.c.i.embedder.EclipseLogger - Using 'UTF-8' encoding to copy filtered resources.
2023-05-28 20:35:42,887 [Worker-14: Building] INFO  o.e.m.c.i.embedder.EclipseLogger - skip non existing resourceDirectory F:\springwork\ImageTextReader\src\main\resources
2023-05-28 20:35:42,895 [Worker-14: Building] INFO  o.e.m.c.i.embedder.EclipseLogger - Using 'UTF-8' encoding to copy filtered resources.
2023-05-28 20:35:42,895 [Worker-14: Building] INFO  o.e.m.c.i.embedder.EclipseLogger - skip non existing resourceDirectory F:\springwork\ImageTextReader\src\test\resources
2023-05-28 20:37:56,008 [Worker-20: Building] INFO  o.e.m.c.i.l.LifecycleMappingFactory - Using org.eclipse.m2e.jdt.JarLifecycleMapping lifecycle mapping for MavenProject: com.textReader:ImageTextReader:0.0.1-SNAPSHOT @ F:\springwork\ImageTextReader\pom.xml.
2023-05-28 20:37:56,536 [Worker-20: Building] INFO  o.e.m.c.i.e.AbstractTransferListenerAdapter - Downloaded https://repo.maven.apache.org/maven2/com/aspose/aspose-cloud-ocr-android/1.0.0/aspose-cloud-ocr-android-1.0.0.pom
2023-05-28 20:37:56,542 [Worker-20: Building] WARN  o.e.m.c.i.embedder.EclipseLogger - The POM for com.aspose:aspose-cloud-ocr-android:jar:1.0.0 is missing, no dependency information available
2023-05-28 20:37:56,800 [Worker-20: Building] INFO  o.e.m.c.i.e.AbstractTransferListenerAdapter - Downloaded https://repo.maven.apache.org/maven2/com/aspose/aspose-cloud-ocr-android/1.0.0/aspose-cloud-ocr-android-1.0.0.jar
2023-05-28 20:37:57,236 [Worker-20: Building] INFO  o.e.m.c.i.embedder.EclipseLogger - Using 'UTF-8' encoding to copy filtered resources.
2023-05-28 20:37:57,237 [Worker-20: Building] INFO  o.e.m.c.i.embedder.EclipseLogger - skip non existing resourceDirectory F:\springwork\ImageTextReader\src\main\resources
2023-05-28 20:37:57,244 [Worker-20: Building] INFO  o.e.m.c.i.embedder.EclipseLogger - Using 'UTF-8' encoding to copy filtered resources.
2023-05-28 20:37:57,245 [Worker-20: Building] INFO  o.e.m.c.i.embedder.EclipseLogger - skip non existing resourceDirectory F:\springwork\ImageTextReader\src\test\resources
2023-05-28 20:37:58,281 [Worker-19: Download sources and javadoc] INFO  o.e.m.c.i.e.AbstractTransferListenerAdapter - Downloaded https://repo.maven.apache.org/maven2/com/aspose/aspose-cloud-ocr-android/1.0.0/aspose-cloud-ocr-android-1.0.0-sources.jar
2023-05-28 20:37:58,319 [Worker-19: Download sources and javadoc] ERROR o.e.m.j.internal.DownloadSourcesJob - Could not download sources for com.aspose:aspose-cloud-ocr-android:1.0.0
org.eclipse.core.runtime.CoreException: Could not resolve artifact com.aspose:aspose-cloud-ocr-android:jar:sources:1.0.0
	at org.eclipse.m2e.core.internal.embedder.MavenImpl.lambda$6(MavenImpl.java:587)
	at org.eclipse.m2e.core.internal.embedder.MavenExecutionContext.executeBare(MavenExecutionContext.java:364)
	at org.eclipse.m2e.core.internal.embedder.MavenExecutionContext.execute(MavenExecutionContext.java:227)
	at org.eclipse.m2e.core.internal.embedder.MavenExecutionContext.execute(MavenExecutionContext.java:213)
	at org.eclipse.m2e.core.internal.embedder.MavenImpl.resolve(MavenImpl.java:556)
	at org.eclipse.m2e.core.internal.embedder.MavenImpl.resolve(MavenImpl.java:541)
	at org.eclipse.m2e.jdt.internal.DownloadSourcesJob.download(DownloadSourcesJob.java:308)
	at org.eclipse.m2e.jdt.internal.DownloadSourcesJob.downloadAttachments(DownloadSourcesJob.java:282)
	at org.eclipse.m2e.jdt.internal.DownloadSourcesJob.downloadMaven(DownloadSourcesJob.java:252)
	at org.eclipse.m2e.jdt.internal.DownloadSourcesJob.downloadFilesAndPopulateToUpdate(DownloadSourcesJob.java:220)
	at org.eclipse.m2e.jdt.internal.DownloadSourcesJob.lambda$0(DownloadSourcesJob.java:149)
	at org.eclipse.m2e.core.internal.embedder.MavenExecutionContext.executeBare(MavenExecutionContext.java:364)
	at org.eclipse.m2e.core.internal.embedder.MavenExecutionContext.execute(MavenExecutionContext.java:274)
	at org.eclipse.m2e.core.internal.embedder.MavenExecutionContext.execute(MavenExecutionContext.java:213)
	at org.eclipse.m2e.core.embedder.IMaven.execute(IMaven.java:294)
	at org.eclipse.m2e.jdt.internal.DownloadSourcesJob.run(DownloadSourcesJob.java:149)
	at org.eclipse.core.internal.jobs.Worker.run(Worker.java:63)
2023-05-28 20:38:04,783 [Worker-20: Updating Maven Project] INFO  o.e.m.c.i.p.ProjectConfigurationManager - Update started
2023-05-28 20:38:05,448 [Worker-20: Updating Maven Project] INFO  o.e.m.c.i.l.LifecycleMappingFactory - Using org.eclipse.m2e.jdt.JarLifecycleMapping lifecycle mapping for MavenProject: com.textReader:ImageTextReader:0.0.1-SNAPSHOT @ F:\springwork\ImageTextReader\pom.xml.
2023-05-28 20:38:05,452 [Worker-20: Updating Maven Project] WARN  o.e.m.c.i.embedder.EclipseLogger - The POM for com.aspose:aspose-cloud-ocr-android:jar:1.0.0 is missing, no dependency information available
2023-05-28 20:38:05,709 [Worker-20: Updating Maven Project] INFO  o.e.m.j.i.AbstractJavaProjectConfigurator - Adding source folder /ImageTextReader/src/main/java
2023-05-28 20:38:05,710 [Worker-20: Updating Maven Project] INFO  o.e.m.j.i.AbstractJavaProjectConfigurator - Adding source folder /ImageTextReader/src/test/java
2023-05-28 20:38:05,926 [Worker-20: Updating Maven Project] INFO  o.e.m.c.i.p.ProjectConfigurationManager - Update completed for 1 poms: local refresh takes 0.00 sec, refresh facades takes 0.00 sec, update config takes 0.00 sec 
2023-05-28 20:38:06,130 [Worker-19: Building] INFO  o.e.m.c.i.embedder.EclipseLogger - Using 'UTF-8' encoding to copy filtered resources.
2023-05-28 20:38:06,131 [Worker-19: Building] INFO  o.e.m.c.i.embedder.EclipseLogger - skip non existing resourceDirectory F:\springwork\ImageTextReader\src\main\resources
2023-05-28 20:38:06,138 [Worker-19: Building] INFO  o.e.m.c.i.embedder.EclipseLogger - Using 'UTF-8' encoding to copy filtered resources.
2023-05-28 20:38:06,138 [Worker-19: Building] INFO  o.e.m.c.i.embedder.EclipseLogger - skip non existing resourceDirectory F:\springwork\ImageTextReader\src\test\resources
2023-05-28 20:38:07,011 [Worker-17: Download sources and javadoc] INFO  o.e.m.c.i.e.AbstractTransferListenerAdapter - Downloaded https://repo.maven.apache.org/maven2/com/aspose/aspose-cloud-ocr-android/1.0.0/aspose-cloud-ocr-android-1.0.0-javadoc.jar
2023-05-28 20:38:07,017 [Worker-17: Download sources and javadoc] ERROR o.e.m.j.internal.DownloadSourcesJob - Could not download javadoc for com.aspose:aspose-cloud-ocr-android:1.0.0
org.eclipse.core.runtime.CoreException: Could not resolve artifact com.aspose:aspose-cloud-ocr-android:jar:javadoc:1.0.0
	at org.eclipse.m2e.core.internal.embedder.MavenImpl.lambda$6(MavenImpl.java:587)
	at org.eclipse.m2e.core.internal.embedder.MavenExecutionContext.executeBare(MavenExecutionContext.java:364)
	at org.eclipse.m2e.core.internal.embedder.MavenExecutionContext.execute(MavenExecutionContext.java:227)
	at org.eclipse.m2e.core.internal.embedder.MavenExecutionContext.execute(MavenExecutionContext.java:213)
	at org.eclipse.m2e.core.internal.embedder.MavenImpl.resolve(MavenImpl.java:556)
	at org.eclipse.m2e.core.internal.embedder.MavenImpl.resolve(MavenImpl.java:541)
	at org.eclipse.m2e.jdt.internal.DownloadSourcesJob.download(DownloadSourcesJob.java:308)
	at org.eclipse.m2e.jdt.internal.DownloadSourcesJob.downloadAttachments(DownloadSourcesJob.java:294)
	at org.eclipse.m2e.jdt.internal.DownloadSourcesJob.downloadMaven(DownloadSourcesJob.java:252)
	at org.eclipse.m2e.jdt.internal.DownloadSourcesJob.downloadFilesAndPopulateToUpdate(DownloadSourcesJob.java:220)
	at org.eclipse.m2e.jdt.internal.DownloadSourcesJob.lambda$0(DownloadSourcesJob.java:149)
	at org.eclipse.m2e.core.internal.embedder.MavenExecutionContext.executeBare(MavenExecutionContext.java:364)
	at org.eclipse.m2e.core.internal.embedder.MavenExecutionContext.execute(MavenExecutionContext.java:274)
	at org.eclipse.m2e.core.internal.embedder.MavenExecutionContext.execute(MavenExecutionContext.java:213)
	at org.eclipse.m2e.core.embedder.IMaven.execute(IMaven.java:294)
	at org.eclipse.m2e.jdt.internal.DownloadSourcesJob.run(DownloadSourcesJob.java:149)
	at org.eclipse.core.internal.jobs.Worker.run(Worker.java:63)
2023-05-28 20:45:13,429 [Worker-13: Building] INFO  o.e.m.c.i.l.LifecycleMappingFactory - Using org.eclipse.m2e.jdt.JarLifecycleMapping lifecycle mapping for MavenProject: com.textReader:ImageTextReader:0.0.1-SNAPSHOT @ F:\springwork\ImageTextReader\pom.xml.
2023-05-28 20:45:13,435 [Worker-13: Building] WARN  o.e.m.c.i.embedder.EclipseLogger - The POM for com.aspose:aspose-cloud-ocr-android:jar:1.0.0 is missing, no dependency information available
2023-05-28 20:45:13,804 [Worker-13: Building] INFO  o.e.m.c.i.embedder.EclipseLogger - Using 'UTF-8' encoding to copy filtered resources.
2023-05-28 20:45:13,805 [Worker-13: Building] INFO  o.e.m.c.i.embedder.EclipseLogger - skip non existing resourceDirectory F:\springwork\ImageTextReader\src\main\resources
2023-05-28 20:45:13,818 [Worker-13: Building] INFO  o.e.m.c.i.embedder.EclipseLogger - Using 'UTF-8' encoding to copy filtered resources.
2023-05-28 20:45:13,819 [Worker-13: Building] INFO  o.e.m.c.i.embedder.EclipseLogger - skip non existing resourceDirectory F:\springwork\ImageTextReader\src\test\resources
2023-05-28 20:45:47,427 [Worker-22: Building] INFO  o.e.m.c.i.l.LifecycleMappingFactory - Using org.eclipse.m2e.jdt.JarLifecycleMapping lifecycle mapping for MavenProject: com.textReader:ImageTextReader:0.0.1-SNAPSHOT @ F:\springwork\ImageTextReader\pom.xml.
2023-05-28 20:45:47,433 [Worker-22: Building] WARN  o.e.m.c.i.embedder.EclipseLogger - The POM for com.aspose:aspose-cloud-ocr-android:jar:1.0.0 is missing, no dependency information available
2023-05-28 20:45:48,042 [Worker-22: Building] INFO  o.e.m.c.i.embedder.EclipseLogger - Using 'UTF-8' encoding to copy filtered resources.
2023-05-28 20:45:48,042 [Worker-22: Building] INFO  o.e.m.c.i.embedder.EclipseLogger - skip non existing resourceDirectory F:\springwork\ImageTextReader\src\main\resources
2023-05-28 20:45:48,049 [Worker-22: Building] INFO  o.e.m.c.i.embedder.EclipseLogger - Using 'UTF-8' encoding to copy filtered resources.
2023-05-28 20:45:48,050 [Worker-22: Building] INFO  o.e.m.c.i.embedder.EclipseLogger - skip non existing resourceDirectory F:\springwork\ImageTextReader\src\test\resources
2023-05-28 20:47:32,039 [Worker-22: Building] INFO  o.e.m.c.i.l.LifecycleMappingFactory - Using org.eclipse.m2e.jdt.JarLifecycleMapping lifecycle mapping for MavenProject: com.textReader:ImageTextReader:0.0.1-SNAPSHOT @ F:\springwork\ImageTextReader\pom.xml.
2023-05-28 20:47:32,978 [Worker-22: Building] INFO  o.e.m.c.i.e.AbstractTransferListenerAdapter - Downloading https://repo.maven.apache.org/maven2/org/slf4j/slf4j-api/1.6.4/slf4j-api-1.6.4.pom
2023-05-28 20:47:33,087 [Worker-22: Building] INFO  o.e.m.c.i.e.AbstractTransferListenerAdapter - Downloaded https://repo.maven.apache.org/maven2/org/slf4j/slf4j-api/1.6.4/slf4j-api-1.6.4.pom
2023-05-28 20:47:33,122 [Worker-22: Building] INFO  o.e.m.c.i.e.AbstractTransferListenerAdapter - Downloading https://repo.maven.apache.org/maven2/org/slf4j/slf4j-parent/1.6.4/slf4j-parent-1.6.4.pom
2023-05-28 20:47:33,611 [Worker-22: Building] INFO  o.e.m.c.i.e.AbstractTransferListenerAdapter - Downloaded https://repo.maven.apache.org/maven2/org/slf4j/slf4j-parent/1.6.4/slf4j-parent-1.6.4.pom
2023-05-28 20:47:33,887 [Worker-22: Building] INFO  o.e.m.c.i.e.AbstractTransferListenerAdapter - Downloading https://repo.maven.apache.org/maven2/ch/qos/logback/logback-classic/1.1.7/logback-classic-1.1.7.pom
2023-05-28 20:47:34,515 [Worker-22: Building] INFO  o.e.m.c.i.e.AbstractTransferListenerAdapter - Downloaded https://repo.maven.apache.org/maven2/ch/qos/logback/logback-classic/1.1.7/logback-classic-1.1.7.pom
2023-05-28 20:47:34,570 [Worker-22: Building] INFO  o.e.m.c.i.e.AbstractTransferListenerAdapter - Downloading https://repo.maven.apache.org/maven2/ch/qos/logback/logback-parent/1.1.7/logback-parent-1.1.7.pom
2023-05-28 20:47:34,803 [Worker-22: Building] INFO  o.e.m.c.i.e.AbstractTransferListenerAdapter - Downloaded https://repo.maven.apache.org/maven2/ch/qos/logback/logback-parent/1.1.7/logback-parent-1.1.7.pom
2023-05-28 20:47:35,046 [Worker-22: Building] INFO  o.e.m.c.i.e.AbstractTransferListenerAdapter - Downloading https://repo.maven.apache.org/maven2/ch/qos/logback/logback-core/1.1.7/logback-core-1.1.7.pom
2023-05-28 20:47:35,160 [Worker-22: Building] INFO  o.e.m.c.i.e.AbstractTransferListenerAdapter - Downloaded https://repo.maven.apache.org/maven2/ch/qos/logback/logback-core/1.1.7/logback-core-1.1.7.pom
2023-05-28 20:47:35,254 [Worker-22: Building] INFO  o.e.m.c.i.e.AbstractTransferListenerAdapter - Downloading https://repo.maven.apache.org/maven2/org/slf4j/slf4j-api/1.7.20/slf4j-api-1.7.20.pom
2023-05-28 20:47:35,357 [Worker-22: Building] INFO  o.e.m.c.i.e.AbstractTransferListenerAdapter - Downloaded https://repo.maven.apache.org/maven2/org/slf4j/slf4j-api/1.7.20/slf4j-api-1.7.20.pom
2023-05-28 20:47:35,704 [Worker-22: Building] INFO  o.e.m.c.i.e.AbstractTransferListenerAdapter - Downloading https://repo.maven.apache.org/maven2/org/slf4j/slf4j-parent/1.7.20/slf4j-parent-1.7.20.pom
2023-05-28 20:47:35,818 [Worker-22: Building] INFO  o.e.m.c.i.e.AbstractTransferListenerAdapter - Downloaded https://repo.maven.apache.org/maven2/org/slf4j/slf4j-parent/1.7.20/slf4j-parent-1.7.20.pom
2023-05-28 20:47:35,859 [Worker-22: Building] INFO  o.e.m.c.i.e.AbstractTransferListenerAdapter - Downloading https://repo.maven.apache.org/maven2/org/slf4j/jul-to-slf4j/1.7.21/jul-to-slf4j-1.7.21.pom
2023-05-28 20:47:36,168 [Worker-22: Building] INFO  o.e.m.c.i.e.AbstractTransferListenerAdapter - Downloaded https://repo.maven.apache.org/maven2/org/slf4j/jul-to-slf4j/1.7.21/jul-to-slf4j-1.7.21.pom
2023-05-28 20:47:36,333 [Worker-22: Building] INFO  o.e.m.c.i.e.AbstractTransferListenerAdapter - Downloading https://repo.maven.apache.org/maven2/org/slf4j/slf4j-parent/1.7.21/slf4j-parent-1.7.21.pom
2023-05-28 20:47:36,423 [Worker-22: Building] INFO  o.e.m.c.i.e.AbstractTransferListenerAdapter - Downloaded https://repo.maven.apache.org/maven2/org/slf4j/slf4j-parent/1.7.21/slf4j-parent-1.7.21.pom
2023-05-28 20:47:36,505 [Worker-22: Building] INFO  o.e.m.c.i.e.AbstractTransferListenerAdapter - Downloading https://repo.maven.apache.org/maven2/org/slf4j/slf4j-api/1.7.21/slf4j-api-1.7.21.pom
2023-05-28 20:47:36,583 [Worker-22: Building] INFO  o.e.m.c.i.e.AbstractTransferListenerAdapter - Downloaded https://repo.maven.apache.org/maven2/org/slf4j/slf4j-api/1.7.21/slf4j-api-1.7.21.pom
2023-05-28 20:47:36,629 [Worker-22: Building] INFO  o.e.m.c.i.e.AbstractTransferListenerAdapter - Downloading https://repo.maven.apache.org/maven2/org/slf4j/jcl-over-slf4j/1.7.21/jcl-over-slf4j-1.7.21.pom
2023-05-28 20:47:36,702 [Worker-22: Building] INFO  o.e.m.c.i.e.AbstractTransferListenerAdapter - Downloaded https://repo.maven.apache.org/maven2/org/slf4j/jcl-over-slf4j/1.7.21/jcl-over-slf4j-1.7.21.pom
2023-05-28 20:47:36,871 [Worker-22: Building] INFO  o.e.m.c.i.e.AbstractTransferListenerAdapter - Downloading https://repo.maven.apache.org/maven2/org/slf4j/log4j-over-slf4j/1.7.21/log4j-over-slf4j-1.7.21.pom
2023-05-28 20:47:36,984 [Worker-22: Building] INFO  o.e.m.c.i.e.AbstractTransferListenerAdapter - Downloaded https://repo.maven.apache.org/maven2/org/slf4j/log4j-over-slf4j/1.7.21/log4j-over-slf4j-1.7.21.pom
2023-05-28 20:47:37,172 [AetherRepositoryConnector-repo.maven.apache.org-0-0] INFO  o.e.m.c.i.e.AbstractTransferListenerAdapter - Downloading https://repo.maven.apache.org/maven2/ch/qos/logback/logback-classic/1.1.7/logback-classic-1.1.7.jar
2023-05-28 20:47:37,654 [AetherRepositoryConnector-repo.maven.apache.org-0-2] INFO  o.e.m.c.i.e.AbstractTransferListenerAdapter - Downloading https://repo.maven.apache.org/maven2/org/slf4j/slf4j-api/1.7.20/slf4j-api-1.7.20.jar
2023-05-28 20:47:37,654 [AetherRepositoryConnector-repo.maven.apache.org-0-3] INFO  o.e.m.c.i.e.AbstractTransferListenerAdapter - Downloading https://repo.maven.apache.org/maven2/org/slf4j/jul-to-slf4j/1.7.21/jul-to-slf4j-1.7.21.jar
2023-05-28 20:47:37,654 [AetherRepositoryConnector-repo.maven.apache.org-0-4] INFO  o.e.m.c.i.e.AbstractTransferListenerAdapter - Downloading https://repo.maven.apache.org/maven2/org/slf4j/jcl-over-slf4j/1.7.21/jcl-over-slf4j-1.7.21.jar
2023-05-28 20:47:37,654 [AetherRepositoryConnector-repo.maven.apache.org-0-1] INFO  o.e.m.c.i.e.AbstractTransferListenerAdapter - Downloading https://repo.maven.apache.org/maven2/ch/qos/logback/logback-core/1.1.7/logback-core-1.1.7.jar
2023-05-28 20:47:39,164 [AetherRepositoryConnector-repo.maven.apache.org-0-3] INFO  o.e.m.c.i.e.AbstractTransferListenerAdapter - Downloaded https://repo.maven.apache.org/maven2/org/slf4j/jul-to-slf4j/1.7.21/jul-to-slf4j-1.7.21.jar
2023-05-28 20:47:39,175 [AetherRepositoryConnector-repo.maven.apache.org-0-4] INFO  o.e.m.c.i.e.AbstractTransferListenerAdapter - Downloaded https://repo.maven.apache.org/maven2/org/slf4j/jcl-over-slf4j/1.7.21/jcl-over-slf4j-1.7.21.jar
2023-05-28 20:47:39,314 [AetherRepositoryConnector-repo.maven.apache.org-0-2] INFO  o.e.m.c.i.e.AbstractTransferListenerAdapter - Downloaded https://repo.maven.apache.org/maven2/org/slf4j/slf4j-api/1.7.20/slf4j-api-1.7.20.jar
2023-05-28 20:47:39,768 [AetherRepositoryConnector-repo.maven.apache.org-0-3] INFO  o.e.m.c.i.e.AbstractTransferListenerAdapter - Downloading https://repo.maven.apache.org/maven2/org/slf4j/log4j-over-slf4j/1.7.21/log4j-over-slf4j-1.7.21.jar
2023-05-28 20:47:39,791 [AetherRepositoryConnector-repo.maven.apache.org-0-0] INFO  o.e.m.c.i.e.AbstractTransferListenerAdapter - Downloaded https://repo.maven.apache.org/maven2/ch/qos/logback/logback-classic/1.1.7/logback-classic-1.1.7.jar
2023-05-28 20:47:40,627 [AetherRepositoryConnector-repo.maven.apache.org-0-1] INFO  o.e.m.c.i.e.AbstractTransferListenerAdapter - Downloaded https://repo.maven.apache.org/maven2/ch/qos/logback/logback-core/1.1.7/logback-core-1.1.7.jar
2023-05-28 20:47:40,953 [AetherRepositoryConnector-repo.maven.apache.org-0-3] INFO  o.e.m.c.i.e.AbstractTransferListenerAdapter - Downloaded https://repo.maven.apache.org/maven2/org/slf4j/log4j-over-slf4j/1.7.21/log4j-over-slf4j-1.7.21.jar
2023-05-28 20:47:42,640 [Worker-28: Download sources and javadoc] INFO  o.e.m.c.i.e.AbstractTransferListenerAdapter - Downloading https://repo.maven.apache.org/maven2/ch/qos/logback/logback-classic/1.1.7/logback-classic-1.1.7-sources.jar
2023-05-28 20:47:43,055 [Worker-22: Building] INFO  o.e.m.c.i.embedder.EclipseLogger - Using 'UTF-8' encoding to copy filtered resources.
2023-05-28 20:47:43,056 [Worker-22: Building] INFO  o.e.m.c.i.embedder.EclipseLogger - skip non existing resourceDirectory F:\springwork\ImageTextReader\src\main\resources
2023-05-28 20:47:43,064 [Worker-22: Building] INFO  o.e.m.c.i.embedder.EclipseLogger - Using 'UTF-8' encoding to copy filtered resources.
2023-05-28 20:47:43,064 [Worker-22: Building] INFO  o.e.m.c.i.embedder.EclipseLogger - skip non existing resourceDirectory F:\springwork\ImageTextReader\src\test\resources
2023-05-28 20:47:44,033 [Worker-13: Building] INFO  o.e.m.c.i.embedder.EclipseLogger - Using 'UTF-8' encoding to copy filtered resources.
2023-05-28 20:47:44,034 [Worker-13: Building] INFO  o.e.m.c.i.embedder.EclipseLogger - skip non existing resourceDirectory F:\springwork\ImageTextReader\src\main\resources
2023-05-28 20:47:44,041 [Worker-13: Building] INFO  o.e.m.c.i.embedder.EclipseLogger - Using 'UTF-8' encoding to copy filtered resources.
2023-05-28 20:47:44,042 [Worker-13: Building] INFO  o.e.m.c.i.embedder.EclipseLogger - skip non existing resourceDirectory F:\springwork\ImageTextReader\src\test\resources
2023-05-28 20:47:44,268 [Worker-28: Download sources and javadoc] INFO  o.e.m.c.i.e.AbstractTransferListenerAdapter - Downloaded https://repo.maven.apache.org/maven2/ch/qos/logback/logback-classic/1.1.7/logback-classic-1.1.7-sources.jar
2023-05-28 20:47:44,277 [Worker-28: Download sources and javadoc] INFO  o.e.m.j.internal.DownloadSourcesJob - Downloaded sources for ch.qos.logback:logback-classic:1.1.7
2023-05-28 20:47:44,605 [Worker-28: Download sources and javadoc] INFO  o.e.m.c.i.e.AbstractTransferListenerAdapter - Downloading https://repo.maven.apache.org/maven2/ch/qos/logback/logback-core/1.1.7/logback-core-1.1.7-sources.jar
2023-05-28 20:47:47,425 [Worker-28: Download sources and javadoc] INFO  o.e.m.c.i.e.AbstractTransferListenerAdapter - Downloaded https://repo.maven.apache.org/maven2/ch/qos/logback/logback-core/1.1.7/logback-core-1.1.7-sources.jar
2023-05-28 20:47:47,433 [Worker-28: Download sources and javadoc] INFO  o.e.m.j.internal.DownloadSourcesJob - Downloaded sources for ch.qos.logback:logback-core:1.1.7
2023-05-28 20:47:47,549 [Worker-24: Updating Maven Project] INFO  o.e.m.c.i.p.ProjectConfigurationManager - Update started
2023-05-28 20:47:47,748 [Worker-28: Download sources and javadoc] INFO  o.e.m.c.i.e.AbstractTransferListenerAdapter - Downloading https://repo.maven.apache.org/maven2/org/slf4j/slf4j-api/1.7.20/slf4j-api-1.7.20-sources.jar
2023-05-28 20:47:48,115 [Worker-28: Download sources and javadoc] INFO  o.e.m.c.i.e.AbstractTransferListenerAdapter - Downloaded https://repo.maven.apache.org/maven2/org/slf4j/slf4j-api/1.7.20/slf4j-api-1.7.20-sources.jar
2023-05-28 20:47:48,122 [Worker-28: Download sources and javadoc] INFO  o.e.m.j.internal.DownloadSourcesJob - Downloaded sources for org.slf4j:slf4j-api:1.7.20
2023-05-28 20:47:48,201 [Worker-24: Updating Maven Project] INFO  o.e.m.c.i.l.LifecycleMappingFactory - Using org.eclipse.m2e.jdt.JarLifecycleMapping lifecycle mapping for MavenProject: com.textReader:ImageTextReader:0.0.1-SNAPSHOT @ F:\springwork\ImageTextReader\pom.xml.
2023-05-28 20:47:48,243 [Worker-28: Download sources and javadoc] INFO  o.e.m.c.i.e.AbstractTransferListenerAdapter - Downloading https://repo.maven.apache.org/maven2/org/slf4j/jul-to-slf4j/1.7.21/jul-to-slf4j-1.7.21-sources.jar
2023-05-28 20:47:48,604 [Worker-28: Download sources and javadoc] INFO  o.e.m.c.i.e.AbstractTransferListenerAdapter - Downloaded https://repo.maven.apache.org/maven2/org/slf4j/jul-to-slf4j/1.7.21/jul-to-slf4j-1.7.21-sources.jar
2023-05-28 20:47:48,612 [Worker-28: Download sources and javadoc] INFO  o.e.m.j.internal.DownloadSourcesJob - Downloaded sources for org.slf4j:jul-to-slf4j:1.7.21
2023-05-28 20:47:48,716 [Worker-24: Updating Maven Project] INFO  o.e.m.j.i.AbstractJavaProjectConfigurator - Adding source folder /ImageTextReader/src/main/java
2023-05-28 20:47:48,717 [Worker-24: Updating Maven Project] INFO  o.e.m.j.i.AbstractJavaProjectConfigurator - Adding source folder /ImageTextReader/src/test/java
2023-05-28 20:47:48,923 [Worker-28: Download sources and javadoc] INFO  o.e.m.c.i.e.AbstractTransferListenerAdapter - Downloading https://repo.maven.apache.org/maven2/org/slf4j/jcl-over-slf4j/1.7.21/jcl-over-slf4j-1.7.21-sources.jar
2023-05-28 20:47:49,052 [Worker-24: Updating Maven Project] INFO  o.e.m.c.i.p.ProjectConfigurationManager - Update completed for 1 poms: local refresh takes 0.00 sec, refresh facades takes 0.00 sec, update config takes 0.00 sec 
2023-05-28 20:47:49,306 [Worker-27: Building] INFO  o.e.m.c.i.embedder.EclipseLogger - Using 'UTF-8' encoding to copy filtered resources.
2023-05-28 20:47:49,306 [Worker-27: Building] INFO  o.e.m.c.i.embedder.EclipseLogger - skip non existing resourceDirectory F:\springwork\ImageTextReader\src\main\resources
2023-05-28 20:47:49,314 [Worker-27: Building] INFO  o.e.m.c.i.embedder.EclipseLogger - Using 'UTF-8' encoding to copy filtered resources.
2023-05-28 20:47:49,315 [Worker-27: Building] INFO  o.e.m.c.i.embedder.EclipseLogger - skip non existing resourceDirectory F:\springwork\ImageTextReader\src\test\resources
2023-05-28 20:47:49,646 [Worker-28: Download sources and javadoc] INFO  o.e.m.c.i.e.AbstractTransferListenerAdapter - Downloaded https://repo.maven.apache.org/maven2/org/slf4j/jcl-over-slf4j/1.7.21/jcl-over-slf4j-1.7.21-sources.jar
2023-05-28 20:47:49,654 [Worker-28: Download sources and javadoc] INFO  o.e.m.j.internal.DownloadSourcesJob - Downloaded sources for org.slf4j:jcl-over-slf4j:1.7.21
2023-05-28 20:47:49,964 [Worker-28: Download sources and javadoc] INFO  o.e.m.c.i.e.AbstractTransferListenerAdapter - Downloading https://repo.maven.apache.org/maven2/org/slf4j/log4j-over-slf4j/1.7.21/log4j-over-slf4j-1.7.21-sources.jar
2023-05-28 20:47:50,625 [Worker-28: Download sources and javadoc] INFO  o.e.m.c.i.e.AbstractTransferListenerAdapter - Downloaded https://repo.maven.apache.org/maven2/org/slf4j/log4j-over-slf4j/1.7.21/log4j-over-slf4j-1.7.21-sources.jar
2023-05-28 20:47:50,633 [Worker-28: Download sources and javadoc] INFO  o.e.m.j.internal.DownloadSourcesJob - Downloaded sources for org.slf4j:log4j-over-slf4j:1.7.21
2023-05-28 20:47:50,971 [Worker-27: Building] INFO  o.e.m.c.i.embedder.EclipseLogger - Using 'UTF-8' encoding to copy filtered resources.
2023-05-28 20:47:50,971 [Worker-27: Building] INFO  o.e.m.c.i.embedder.EclipseLogger - skip non existing resourceDirectory F:\springwork\ImageTextReader\src\main\resources
2023-05-28 20:47:50,976 [Worker-27: Building] INFO  o.e.m.c.i.embedder.EclipseLogger - Using 'UTF-8' encoding to copy filtered resources.
2023-05-28 20:47:50,976 [Worker-27: Building] INFO  o.e.m.c.i.embedder.EclipseLogger - skip non existing resourceDirectory F:\springwork\ImageTextReader\src\test\resources
2023-05-28 20:48:52,476 [Worker-13: Building] INFO  o.e.m.c.i.embedder.EclipseLogger - Using 'UTF-8' encoding to copy filtered resources.
2023-05-28 20:48:52,477 [Worker-13: Building] INFO  o.e.m.c.i.embedder.EclipseLogger - skip non existing resourceDirectory F:\springwork\ImageTextReader\src\main\resources
2023-05-28 20:48:52,484 [Worker-13: Building] INFO  o.e.m.c.i.embedder.EclipseLogger - Using 'UTF-8' encoding to copy filtered resources.
2023-05-28 20:48:52,484 [Worker-13: Building] INFO  o.e.m.c.i.embedder.EclipseLogger - skip non existing resourceDirectory F:\springwork\ImageTextReader\src\test\resources
2023-05-28 20:52:00,146 [Worker-28: Building] INFO  o.e.m.c.i.embedder.EclipseLogger - Using 'UTF-8' encoding to copy filtered resources.
2023-05-28 20:52:00,147 [Worker-28: Building] INFO  o.e.m.c.i.embedder.EclipseLogger - skip non existing resourceDirectory F:\springwork\ImageTextReader\src\main\resources
2023-05-28 20:52:00,157 [Worker-28: Building] INFO  o.e.m.c.i.embedder.EclipseLogger - Using 'UTF-8' encoding to copy filtered resources.
2023-05-28 20:52:00,158 [Worker-28: Building] INFO  o.e.m.c.i.embedder.EclipseLogger - skip non existing resourceDirectory F:\springwork\ImageTextReader\src\test\resources
2023-05-28 20:54:05,335 [Worker-30: Building] INFO  o.e.m.c.i.embedder.EclipseLogger - Using 'UTF-8' encoding to copy filtered resources.
2023-05-28 20:54:05,335 [Worker-30: Building] INFO  o.e.m.c.i.embedder.EclipseLogger - skip non existing resourceDirectory F:\springwork\ImageTextReader\src\main\resources
2023-05-28 20:54:05,340 [Worker-30: Building] INFO  o.e.m.c.i.embedder.EclipseLogger - Using 'UTF-8' encoding to copy filtered resources.
2023-05-28 20:54:05,341 [Worker-30: Building] INFO  o.e.m.c.i.embedder.EclipseLogger - skip non existing resourceDirectory F:\springwork\ImageTextReader\src\test\resources
2023-05-28 20:54:17,755 [Worker-32: Building] INFO  o.e.m.c.i.embedder.EclipseLogger - Using 'UTF-8' encoding to copy filtered resources.
2023-05-28 20:54:17,755 [Worker-32: Building] INFO  o.e.m.c.i.embedder.EclipseLogger - skip non existing resourceDirectory F:\springwork\ImageTextReader\src\main\resources
2023-05-28 20:54:17,760 [Worker-32: Building] INFO  o.e.m.c.i.embedder.EclipseLogger - Using 'UTF-8' encoding to copy filtered resources.
2023-05-28 20:54:17,760 [Worker-32: Building] INFO  o.e.m.c.i.embedder.EclipseLogger - skip non existing resourceDirectory F:\springwork\ImageTextReader\src\test\resources
2023-05-28 21:34:13,772 [Worker-31: Building] INFO  o.e.m.c.i.embedder.EclipseLogger - Using 'UTF-8' encoding to copy filtered resources.
2023-05-28 21:34:13,815 [Worker-31: Building] INFO  o.e.m.c.i.embedder.EclipseLogger - skip non existing resourceDirectory F:\springwork\ImageTextReader\src\main\resources
2023-05-28 21:34:13,823 [Worker-31: Building] INFO  o.e.m.c.i.embedder.EclipseLogger - Using 'UTF-8' encoding to copy filtered resources.
2023-05-28 21:34:13,824 [Worker-31: Building] INFO  o.e.m.c.i.embedder.EclipseLogger - skip non existing resourceDirectory F:\springwork\ImageTextReader\src\test\resources
2023-05-28 21:45:31,575 [Worker-34: Building] INFO  o.e.m.c.i.embedder.EclipseLogger - Using 'UTF-8' encoding to copy filtered resources.
2023-05-28 21:45:31,575 [Worker-34: Building] INFO  o.e.m.c.i.embedder.EclipseLogger - skip non existing resourceDirectory F:\springwork\ImageTextReader\src\main\resources
2023-05-28 21:45:31,583 [Worker-34: Building] INFO  o.e.m.c.i.embedder.EclipseLogger - Using 'UTF-8' encoding to copy filtered resources.
2023-05-28 21:45:31,583 [Worker-34: Building] INFO  o.e.m.c.i.embedder.EclipseLogger - skip non existing resourceDirectory F:\springwork\ImageTextReader\src\test\resources
2023-05-28 21:45:37,392 [Worker-39: Building] INFO  o.e.m.c.i.embedder.EclipseLogger - Using 'UTF-8' encoding to copy filtered resources.
2023-05-28 21:45:37,393 [Worker-39: Building] INFO  o.e.m.c.i.embedder.EclipseLogger - skip non existing resourceDirectory F:\springwork\ImageTextReader\src\main\resources
2023-05-28 21:45:37,399 [Worker-39: Building] INFO  o.e.m.c.i.embedder.EclipseLogger - Using 'UTF-8' encoding to copy filtered resources.
2023-05-28 21:45:37,400 [Worker-39: Building] INFO  o.e.m.c.i.embedder.EclipseLogger - skip non existing resourceDirectory F:\springwork\ImageTextReader\src\test\resources
2023-06-18 14:21:44,298 [Worker-4: Loading available Gradle versions] INFO  o.e.b.c.i.u.g.PublishedGradleVersions - Gradle version information cache is up-to-date. Trying to read.
2023-06-18 14:24:51,249 [Worker-4: Launching App] INFO  o.e.m.c.i.embedder.EclipseLogger - Using 'UTF-8' encoding to copy filtered resources.
2023-06-18 14:24:51,265 [Worker-4: Launching App] INFO  o.e.m.c.i.embedder.EclipseLogger - skip non existing resourceDirectory F:\springwork\ImageTextReader\src\main\resources
2023-06-18 14:24:51,277 [Worker-4: Launching App] INFO  o.e.m.c.i.embedder.EclipseLogger - Using 'UTF-8' encoding to copy filtered resources.
2023-06-18 14:24:51,277 [Worker-4: Launching App] INFO  o.e.m.c.i.embedder.EclipseLogger - skip non existing resourceDirectory F:\springwork\ImageTextReader\src\test\resources
2023-06-18 14:26:25,904 [Worker-4: Building] INFO  o.e.m.c.i.embedder.EclipseLogger - Using 'UTF-8' encoding to copy filtered resources.
2023-06-18 14:26:25,904 [Worker-4: Building] INFO  o.e.m.c.i.embedder.EclipseLogger - skip non existing resourceDirectory F:\springwork\ImageTextReader\src\main\resources
2023-06-18 14:26:25,914 [Worker-4: Building] INFO  o.e.m.c.i.embedder.EclipseLogger - Using 'UTF-8' encoding to copy filtered resources.
2023-06-18 14:26:25,914 [Worker-4: Building] INFO  o.e.m.c.i.embedder.EclipseLogger - skip non existing resourceDirectory F:\springwork\ImageTextReader\src\test\resources
2023-06-18 14:29:05,193 [Worker-18: Building] INFO  o.e.m.c.i.embedder.EclipseLogger - Using 'UTF-8' encoding to copy filtered resources.
2023-06-18 14:29:05,194 [Worker-18: Building] INFO  o.e.m.c.i.embedder.EclipseLogger - skip non existing resourceDirectory F:\springwork\ImageTextReader\src\main\resources
2023-06-18 14:29:05,201 [Worker-18: Building] INFO  o.e.m.c.i.embedder.EclipseLogger - Using 'UTF-8' encoding to copy filtered resources.
2023-06-18 14:29:05,202 [Worker-18: Building] INFO  o.e.m.c.i.embedder.EclipseLogger - skip non existing resourceDirectory F:\springwork\ImageTextReader\src\test\resources
2023-06-18 14:37:30,882 [Worker-17: Building] INFO  o.e.m.c.i.embedder.EclipseLogger - Using 'UTF-8' encoding to copy filtered resources.
2023-06-18 14:37:30,883 [Worker-17: Building] INFO  o.e.m.c.i.embedder.EclipseLogger - skip non existing resourceDirectory F:\springwork\ImageTextReader\src\main\resources
2023-06-18 14:37:30,891 [Worker-17: Building] INFO  o.e.m.c.i.embedder.EclipseLogger - Using 'UTF-8' encoding to copy filtered resources.
2023-06-18 14:37:30,893 [Worker-17: Building] INFO  o.e.m.c.i.embedder.EclipseLogger - skip non existing resourceDirectory F:\springwork\ImageTextReader\src\test\resources
2023-06-18 14:41:05,343 [Worker-18: Building] INFO  o.e.m.c.i.embedder.EclipseLogger - Using 'UTF-8' encoding to copy filtered resources.
2023-06-18 14:41:05,343 [Worker-18: Building] INFO  o.e.m.c.i.embedder.EclipseLogger - skip non existing resourceDirectory F:\springwork\ImageTextReader\src\main\resources
2023-06-18 14:41:05,350 [Worker-18: Building] INFO  o.e.m.c.i.embedder.EclipseLogger - Using 'UTF-8' encoding to copy filtered resources.
2023-06-18 14:41:05,351 [Worker-18: Building] INFO  o.e.m.c.i.embedder.EclipseLogger - skip non existing resourceDirectory F:\springwork\ImageTextReader\src\test\resources
2023-06-18 15:21:03,061 [Worker-28: Building] INFO  o.e.m.c.i.embedder.EclipseLogger - Using 'UTF-8' encoding to copy filtered resources.
2023-06-18 15:21:03,065 [Worker-28: Building] INFO  o.e.m.c.i.embedder.EclipseLogger - skip non existing resourceDirectory F:\springwork\ImageTextReader\src\main\resources
2023-06-18 15:21:03,091 [Worker-28: Building] INFO  o.e.m.c.i.embedder.EclipseLogger - Using 'UTF-8' encoding to copy filtered resources.
2023-06-18 15:21:03,092 [Worker-28: Building] INFO  o.e.m.c.i.embedder.EclipseLogger - skip non existing resourceDirectory F:\springwork\ImageTextReader\src\test\resources
2023-06-18 15:26:02,375 [Worker-35: Building] INFO  o.e.m.c.i.embedder.EclipseLogger - Using 'UTF-8' encoding to copy filtered resources.
2023-06-18 15:26:02,376 [Worker-35: Building] INFO  o.e.m.c.i.embedder.EclipseLogger - skip non existing resourceDirectory F:\springwork\ImageTextReader\src\main\resources
2023-06-18 15:26:02,386 [Worker-35: Building] INFO  o.e.m.c.i.embedder.EclipseLogger - Using 'UTF-8' encoding to copy filtered resources.
2023-06-18 15:26:02,387 [Worker-35: Building] INFO  o.e.m.c.i.embedder.EclipseLogger - skip non existing resourceDirectory F:\springwork\ImageTextReader\src\test\resources
2023-06-18 15:26:17,978 [Worker-36: Building] INFO  o.e.m.c.i.embedder.EclipseLogger - Using 'UTF-8' encoding to copy filtered resources.
2023-06-18 15:26:17,978 [Worker-36: Building] INFO  o.e.m.c.i.embedder.EclipseLogger - skip non existing resourceDirectory F:\springwork\ImageTextReader\src\main\resources
2023-06-18 15:26:17,995 [Worker-36: Building] INFO  o.e.m.c.i.embedder.EclipseLogger - Using 'UTF-8' encoding to copy filtered resources.
2023-06-18 15:26:17,996 [Worker-36: Building] INFO  o.e.m.c.i.embedder.EclipseLogger - skip non existing resourceDirectory F:\springwork\ImageTextReader\src\test\resources
2023-06-18 15:26:33,554 [Worker-36: Building] INFO  o.e.m.c.i.embedder.EclipseLogger - Using 'UTF-8' encoding to copy filtered resources.
2023-06-18 15:26:33,554 [Worker-36: Building] INFO  o.e.m.c.i.embedder.EclipseLogger - skip non existing resourceDirectory F:\springwork\ImageTextReader\src\main\resources
2023-06-18 15:26:33,565 [Worker-36: Building] INFO  o.e.m.c.i.embedder.EclipseLogger - Using 'UTF-8' encoding to copy filtered resources.
2023-06-18 15:26:33,566 [Worker-36: Building] INFO  o.e.m.c.i.embedder.EclipseLogger - skip non existing resourceDirectory F:\springwork\ImageTextReader\src\test\resources
2023-06-18 15:26:46,833 [Worker-34: Building] INFO  o.e.m.c.i.embedder.EclipseLogger - Using 'UTF-8' encoding to copy filtered resources.
2023-06-18 15:26:46,834 [Worker-34: Building] INFO  o.e.m.c.i.embedder.EclipseLogger - skip non existing resourceDirectory F:\springwork\ImageTextReader\src\main\resources
2023-06-18 15:26:46,844 [Worker-34: Building] INFO  o.e.m.c.i.embedder.EclipseLogger - Using 'UTF-8' encoding to copy filtered resources.
2023-06-18 15:26:46,845 [Worker-34: Building] INFO  o.e.m.c.i.embedder.EclipseLogger - skip non existing resourceDirectory F:\springwork\ImageTextReader\src\test\resources
2023-06-18 15:26:54,165 [Worker-31: Building] INFO  o.e.m.c.i.embedder.EclipseLogger - Using 'UTF-8' encoding to copy filtered resources.
2023-06-18 15:26:54,166 [Worker-31: Building] INFO  o.e.m.c.i.embedder.EclipseLogger - skip non existing resourceDirectory F:\springwork\ImageTextReader\src\main\resources
2023-06-18 15:26:54,174 [Worker-31: Building] INFO  o.e.m.c.i.embedder.EclipseLogger - Using 'UTF-8' encoding to copy filtered resources.
2023-06-18 15:26:54,174 [Worker-31: Building] INFO  o.e.m.c.i.embedder.EclipseLogger - skip non existing resourceDirectory F:\springwork\ImageTextReader\src\test\resources
2023-06-18 15:29:26,361 [Worker-38: Building] INFO  o.e.m.c.i.embedder.EclipseLogger - Using 'UTF-8' encoding to copy filtered resources.
2023-06-18 15:29:26,363 [Worker-38: Building] INFO  o.e.m.c.i.embedder.EclipseLogger - skip non existing resourceDirectory F:\springwork\ImageTextReader\src\main\resources
2023-06-18 15:29:26,368 [Worker-38: Building] INFO  o.e.m.c.i.embedder.EclipseLogger - Using 'UTF-8' encoding to copy filtered resources.
2023-06-18 15:29:26,369 [Worker-38: Building] INFO  o.e.m.c.i.embedder.EclipseLogger - skip non existing resourceDirectory F:\springwork\ImageTextReader\src\test\resources
2023-06-18 15:30:02,123 [Worker-17: Building] INFO  o.e.m.c.i.embedder.EclipseLogger - Using 'UTF-8' encoding to copy filtered resources.
2023-06-18 15:30:02,123 [Worker-17: Building] INFO  o.e.m.c.i.embedder.EclipseLogger - skip non existing resourceDirectory F:\springwork\ImageTextReader\src\main\resources
2023-06-18 15:30:02,128 [Worker-17: Building] INFO  o.e.m.c.i.embedder.EclipseLogger - Using 'UTF-8' encoding to copy filtered resources.
2023-06-18 15:30:02,129 [Worker-17: Building] INFO  o.e.m.c.i.embedder.EclipseLogger - skip non existing resourceDirectory F:\springwork\ImageTextReader\src\test\resources
2023-06-18 15:30:19,334 [Worker-31: Building] INFO  o.e.m.c.i.embedder.EclipseLogger - Using 'UTF-8' encoding to copy filtered resources.
2023-06-18 15:30:19,334 [Worker-31: Building] INFO  o.e.m.c.i.embedder.EclipseLogger - skip non existing resourceDirectory F:\springwork\ImageTextReader\src\main\resources
2023-06-18 15:30:19,339 [Worker-31: Building] INFO  o.e.m.c.i.embedder.EclipseLogger - Using 'UTF-8' encoding to copy filtered resources.
2023-06-18 15:30:19,340 [Worker-31: Building] INFO  o.e.m.c.i.embedder.EclipseLogger - skip non existing resourceDirectory F:\springwork\ImageTextReader\src\test\resources
2023-06-18 15:31:59,931 [Worker-30: Building] INFO  o.e.m.c.i.embedder.EclipseLogger - Using 'UTF-8' encoding to copy filtered resources.
2023-06-18 15:31:59,932 [Worker-30: Building] INFO  o.e.m.c.i.embedder.EclipseLogger - skip non existing resourceDirectory F:\springwork\ImageTextReader\src\main\resources
2023-06-18 15:31:59,940 [Worker-30: Building] INFO  o.e.m.c.i.embedder.EclipseLogger - Using 'UTF-8' encoding to copy filtered resources.
2023-06-18 15:31:59,941 [Worker-30: Building] INFO  o.e.m.c.i.embedder.EclipseLogger - skip non existing resourceDirectory F:\springwork\ImageTextReader\src\test\resources
2023-06-18 15:33:29,313 [Worker-36: Building] INFO  o.e.m.c.i.embedder.EclipseLogger - Using 'UTF-8' encoding to copy filtered resources.
2023-06-18 15:33:29,314 [Worker-36: Building] INFO  o.e.m.c.i.embedder.EclipseLogger - skip non existing resourceDirectory F:\springwork\ImageTextReader\src\main\resources
2023-06-18 15:33:29,324 [Worker-36: Building] INFO  o.e.m.c.i.embedder.EclipseLogger - Using 'UTF-8' encoding to copy filtered resources.
2023-06-18 15:33:29,325 [Worker-36: Building] INFO  o.e.m.c.i.embedder.EclipseLogger - skip non existing resourceDirectory F:\springwork\ImageTextReader\src\test\resources
2023-06-18 15:33:58,876 [Worker-30: Building] INFO  o.e.m.c.i.embedder.EclipseLogger - Using 'UTF-8' encoding to copy filtered resources.
2023-06-18 15:33:58,876 [Worker-30: Building] INFO  o.e.m.c.i.embedder.EclipseLogger - skip non existing resourceDirectory F:\springwork\ImageTextReader\src\main\resources
2023-06-18 15:33:58,882 [Worker-30: Building] INFO  o.e.m.c.i.embedder.EclipseLogger - Using 'UTF-8' encoding to copy filtered resources.
2023-06-18 15:33:58,883 [Worker-30: Building] INFO  o.e.m.c.i.embedder.EclipseLogger - skip non existing resourceDirectory F:\springwork\ImageTextReader\src\test\resources
2023-06-18 15:39:33,032 [Worker-30: Building] INFO  o.e.m.c.i.embedder.EclipseLogger - Using 'UTF-8' encoding to copy filtered resources.
2023-06-18 15:39:33,033 [Worker-30: Building] INFO  o.e.m.c.i.embedder.EclipseLogger - skip non existing resourceDirectory F:\springwork\ImageTextReader\src\main\resources
2023-06-18 15:39:33,038 [Worker-30: Building] INFO  o.e.m.c.i.embedder.EclipseLogger - Using 'UTF-8' encoding to copy filtered resources.
2023-06-18 15:39:33,040 [Worker-30: Building] INFO  o.e.m.c.i.embedder.EclipseLogger - skip non existing resourceDirectory F:\springwork\ImageTextReader\src\test\resources
2023-06-18 15:40:05,279 [Worker-31: Building] INFO  o.e.m.c.i.embedder.EclipseLogger - Using 'UTF-8' encoding to copy filtered resources.
2023-06-18 15:40:05,280 [Worker-31: Building] INFO  o.e.m.c.i.embedder.EclipseLogger - skip non existing resourceDirectory F:\springwork\ImageTextReader\src\main\resources
2023-06-18 15:40:05,287 [Worker-31: Building] INFO  o.e.m.c.i.embedder.EclipseLogger - Using 'UTF-8' encoding to copy filtered resources.
2023-06-18 15:40:05,288 [Worker-31: Building] INFO  o.e.m.c.i.embedder.EclipseLogger - skip non existing resourceDirectory F:\springwork\ImageTextReader\src\test\resources
2023-06-18 15:40:16,490 [Worker-40: Building] INFO  o.e.m.c.i.embedder.EclipseLogger - Using 'UTF-8' encoding to copy filtered resources.
2023-06-18 15:40:16,491 [Worker-40: Building] INFO  o.e.m.c.i.embedder.EclipseLogger - skip non existing resourceDirectory F:\springwork\ImageTextReader\src\main\resources
2023-06-18 15:40:16,496 [Worker-40: Building] INFO  o.e.m.c.i.embedder.EclipseLogger - Using 'UTF-8' encoding to copy filtered resources.
2023-06-18 15:40:16,497 [Worker-40: Building] INFO  o.e.m.c.i.embedder.EclipseLogger - skip non existing resourceDirectory F:\springwork\ImageTextReader\src\test\resources
2023-06-18 15:40:42,891 [Worker-43: Building] INFO  o.e.m.c.i.embedder.EclipseLogger - Using 'UTF-8' encoding to copy filtered resources.
2023-06-18 15:40:42,891 [Worker-43: Building] INFO  o.e.m.c.i.embedder.EclipseLogger - skip non existing resourceDirectory F:\springwork\ImageTextReader\src\main\resources
2023-06-18 15:40:42,896 [Worker-43: Building] INFO  o.e.m.c.i.embedder.EclipseLogger - Using 'UTF-8' encoding to copy filtered resources.
2023-06-18 15:40:42,897 [Worker-43: Building] INFO  o.e.m.c.i.embedder.EclipseLogger - skip non existing resourceDirectory F:\springwork\ImageTextReader\src\test\resources
2023-06-18 15:42:33,898 [Worker-40: Building] INFO  o.e.m.c.i.embedder.EclipseLogger - Using 'UTF-8' encoding to copy filtered resources.
2023-06-18 15:42:33,899 [Worker-40: Building] INFO  o.e.m.c.i.embedder.EclipseLogger - skip non existing resourceDirectory F:\springwork\ImageTextReader\src\main\resources
2023-06-18 15:42:33,904 [Worker-40: Building] INFO  o.e.m.c.i.embedder.EclipseLogger - Using 'UTF-8' encoding to copy filtered resources.
2023-06-18 15:42:33,905 [Worker-40: Building] INFO  o.e.m.c.i.embedder.EclipseLogger - skip non existing resourceDirectory F:\springwork\ImageTextReader\src\test\resources
2023-06-18 15:44:32,079 [Worker-44: Building] INFO  o.e.m.c.i.embedder.EclipseLogger - Using 'UTF-8' encoding to copy filtered resources.
2023-06-18 15:44:32,080 [Worker-44: Building] INFO  o.e.m.c.i.embedder.EclipseLogger - skip non existing resourceDirectory F:\springwork\ImageTextReader\src\main\resources
2023-06-18 15:44:32,089 [Worker-44: Building] INFO  o.e.m.c.i.embedder.EclipseLogger - Using 'UTF-8' encoding to copy filtered resources.
2023-06-18 15:44:32,090 [Worker-44: Building] INFO  o.e.m.c.i.embedder.EclipseLogger - skip non existing resourceDirectory F:\springwork\ImageTextReader\src\test\resources
2023-06-18 15:44:58,828 [Worker-40: Building] INFO  o.e.m.c.i.embedder.EclipseLogger - Using 'UTF-8' encoding to copy filtered resources.
2023-06-18 15:44:58,829 [Worker-40: Building] INFO  o.e.m.c.i.embedder.EclipseLogger - skip non existing resourceDirectory F:\springwork\ImageTextReader\src\main\resources
2023-06-18 15:44:58,837 [Worker-40: Building] INFO  o.e.m.c.i.embedder.EclipseLogger - Using 'UTF-8' encoding to copy filtered resources.
2023-06-18 15:44:58,840 [Worker-40: Building] INFO  o.e.m.c.i.embedder.EclipseLogger - skip non existing resourceDirectory F:\springwork\ImageTextReader\src\test\resources
2023-06-18 15:46:59,489 [Worker-44: Building] INFO  o.e.m.c.i.embedder.EclipseLogger - Using 'UTF-8' encoding to copy filtered resources.
2023-06-18 15:46:59,490 [Worker-44: Building] INFO  o.e.m.c.i.embedder.EclipseLogger - skip non existing resourceDirectory F:\springwork\ImageTextReader\src\main\resources
2023-06-18 15:46:59,498 [Worker-44: Building] INFO  o.e.m.c.i.embedder.EclipseLogger - Using 'UTF-8' encoding to copy filtered resources.
2023-06-18 15:46:59,499 [Worker-44: Building] INFO  o.e.m.c.i.embedder.EclipseLogger - skip non existing resourceDirectory F:\springwork\ImageTextReader\src\test\resources
2023-06-18 15:47:53,047 [Worker-53: Building] INFO  o.e.m.c.i.embedder.EclipseLogger - Using 'UTF-8' encoding to copy filtered resources.
2023-06-18 15:47:53,048 [Worker-53: Building] INFO  o.e.m.c.i.embedder.EclipseLogger - skip non existing resourceDirectory F:\springwork\ImageTextReader\src\main\resources
2023-06-18 15:47:53,053 [Worker-53: Building] INFO  o.e.m.c.i.embedder.EclipseLogger - Using 'UTF-8' encoding to copy filtered resources.
2023-06-18 15:47:53,054 [Worker-53: Building] INFO  o.e.m.c.i.embedder.EclipseLogger - skip non existing resourceDirectory F:\springwork\ImageTextReader\src\test\resources
2023-06-18 15:47:57,814 [Worker-45: Building] INFO  o.e.m.c.i.embedder.EclipseLogger - Using 'UTF-8' encoding to copy filtered resources.
2023-06-18 15:47:57,815 [Worker-45: Building] INFO  o.e.m.c.i.embedder.EclipseLogger - skip non existing resourceDirectory F:\springwork\ImageTextReader\src\main\resources
2023-06-18 15:47:57,824 [Worker-45: Building] INFO  o.e.m.c.i.embedder.EclipseLogger - Using 'UTF-8' encoding to copy filtered resources.
2023-06-18 15:47:57,825 [Worker-45: Building] INFO  o.e.m.c.i.embedder.EclipseLogger - skip non existing resourceDirectory F:\springwork\ImageTextReader\src\test\resources
2023-06-18 15:48:33,104 [Worker-45: Building] INFO  o.e.m.c.i.embedder.EclipseLogger - Using 'UTF-8' encoding to copy filtered resources.
2023-06-18 15:48:33,106 [Worker-45: Building] INFO  o.e.m.c.i.embedder.EclipseLogger - skip non existing resourceDirectory F:\springwork\ImageTextReader\src\main\resources
2023-06-18 15:48:33,110 [Worker-45: Building] INFO  o.e.m.c.i.embedder.EclipseLogger - Using 'UTF-8' encoding to copy filtered resources.
2023-06-18 15:48:33,111 [Worker-45: Building] INFO  o.e.m.c.i.embedder.EclipseLogger - skip non existing resourceDirectory F:\springwork\ImageTextReader\src\test\resources
2023-06-18 15:52:46,366 [Worker-44: Building] INFO  o.e.m.c.i.embedder.EclipseLogger - Using 'UTF-8' encoding to copy filtered resources.
2023-06-18 15:52:46,367 [Worker-44: Building] INFO  o.e.m.c.i.embedder.EclipseLogger - skip non existing resourceDirectory F:\springwork\ImageTextReader\src\main\resources
2023-06-18 15:52:46,372 [Worker-44: Building] INFO  o.e.m.c.i.embedder.EclipseLogger - Using 'UTF-8' encoding to copy filtered resources.
2023-06-18 15:52:46,373 [Worker-44: Building] INFO  o.e.m.c.i.embedder.EclipseLogger - skip non existing resourceDirectory F:\springwork\ImageTextReader\src\test\resources
2023-06-18 15:53:03,935 [Worker-54: Building] INFO  o.e.m.c.i.embedder.EclipseLogger - Using 'UTF-8' encoding to copy filtered resources.
2023-06-18 15:53:03,938 [Worker-54: Building] INFO  o.e.m.c.i.embedder.EclipseLogger - skip non existing resourceDirectory F:\springwork\ImageTextReader\src\main\resources
2023-06-18 15:53:03,945 [Worker-54: Building] INFO  o.e.m.c.i.embedder.EclipseLogger - Using 'UTF-8' encoding to copy filtered resources.
2023-06-18 15:53:03,945 [Worker-54: Building] INFO  o.e.m.c.i.embedder.EclipseLogger - skip non existing resourceDirectory F:\springwork\ImageTextReader\src\test\resources
2023-06-18 15:53:28,000 [Worker-56: Building] INFO  o.e.m.c.i.embedder.EclipseLogger - Using 'UTF-8' encoding to copy filtered resources.
2023-06-18 15:53:28,000 [Worker-56: Building] INFO  o.e.m.c.i.embedder.EclipseLogger - skip non existing resourceDirectory F:\springwork\ImageTextReader\src\main\resources
2023-06-18 15:53:28,006 [Worker-56: Building] INFO  o.e.m.c.i.embedder.EclipseLogger - Using 'UTF-8' encoding to copy filtered resources.
2023-06-18 15:53:28,007 [Worker-56: Building] INFO  o.e.m.c.i.embedder.EclipseLogger - skip non existing resourceDirectory F:\springwork\ImageTextReader\src\test\resources
2023-06-18 20:05:25,687 [Worker-57: Building] INFO  o.e.m.c.i.embedder.EclipseLogger - Using 'UTF-8' encoding to copy filtered resources.
2023-06-18 20:05:25,688 [Worker-57: Building] INFO  o.e.m.c.i.embedder.EclipseLogger - skip non existing resourceDirectory F:\springwork\ImageTextReader\src\main\resources
2023-06-18 20:05:25,703 [Worker-57: Building] INFO  o.e.m.c.i.embedder.EclipseLogger - Using 'UTF-8' encoding to copy filtered resources.
2023-06-18 20:05:25,703 [Worker-57: Building] INFO  o.e.m.c.i.embedder.EclipseLogger - skip non existing resourceDirectory F:\springwork\ImageTextReader\src\test\resources
2023-06-18 20:12:22,268 [Worker-63: Building] INFO  o.e.m.c.i.embedder.EclipseLogger - Using 'UTF-8' encoding to copy filtered resources.
2023-06-18 20:12:22,268 [Worker-63: Building] INFO  o.e.m.c.i.embedder.EclipseLogger - skip non existing resourceDirectory F:\springwork\ImageTextReader\src\main\resources
2023-06-18 20:12:22,273 [Worker-63: Building] INFO  o.e.m.c.i.embedder.EclipseLogger - Using 'UTF-8' encoding to copy filtered resources.
2023-06-18 20:12:22,273 [Worker-63: Building] INFO  o.e.m.c.i.embedder.EclipseLogger - skip non existing resourceDirectory F:\springwork\ImageTextReader\src\test\resources
2023-06-18 20:13:44,011 [Worker-61: Building] INFO  o.e.m.c.i.embedder.EclipseLogger - Using 'UTF-8' encoding to copy filtered resources.
2023-06-18 20:13:44,012 [Worker-61: Building] INFO  o.e.m.c.i.embedder.EclipseLogger - skip non existing resourceDirectory F:\springwork\ImageTextReader\src\main\resources
2023-06-18 20:13:44,017 [Worker-61: Building] INFO  o.e.m.c.i.embedder.EclipseLogger - Using 'UTF-8' encoding to copy filtered resources.
2023-06-18 20:13:44,018 [Worker-61: Building] INFO  o.e.m.c.i.embedder.EclipseLogger - skip non existing resourceDirectory F:\springwork\ImageTextReader\src\test\resources
2023-06-18 20:13:55,011 [Worker-65: Building] INFO  o.e.m.c.i.embedder.EclipseLogger - Using 'UTF-8' encoding to copy filtered resources.
2023-06-18 20:13:55,011 [Worker-65: Building] INFO  o.e.m.c.i.embedder.EclipseLogger - skip non existing resourceDirectory F:\springwork\ImageTextReader\src\main\resources
2023-06-18 20:13:55,016 [Worker-65: Building] INFO  o.e.m.c.i.embedder.EclipseLogger - Using 'UTF-8' encoding to copy filtered resources.
2023-06-18 20:13:55,017 [Worker-65: Building] INFO  o.e.m.c.i.embedder.EclipseLogger - skip non existing resourceDirectory F:\springwork\ImageTextReader\src\test\resources
2023-06-18 20:15:45,563 [Worker-66: Building] INFO  o.e.m.c.i.embedder.EclipseLogger - Using 'UTF-8' encoding to copy filtered resources.
2023-06-18 20:15:45,564 [Worker-66: Building] INFO  o.e.m.c.i.embedder.EclipseLogger - skip non existing resourceDirectory F:\springwork\ImageTextReader\src\main\resources
2023-06-18 20:15:45,572 [Worker-66: Building] INFO  o.e.m.c.i.embedder.EclipseLogger - Using 'UTF-8' encoding to copy filtered resources.
2023-06-18 20:15:45,572 [Worker-66: Building] INFO  o.e.m.c.i.embedder.EclipseLogger - skip non existing resourceDirectory F:\springwork\ImageTextReader\src\test\resources
2023-06-18 20:15:53,394 [Worker-53: Building] INFO  o.e.m.c.i.embedder.EclipseLogger - Using 'UTF-8' encoding to copy filtered resources.
2023-06-18 20:15:53,394 [Worker-53: Building] INFO  o.e.m.c.i.embedder.EclipseLogger - skip non existing resourceDirectory F:\springwork\ImageTextReader\src\main\resources
2023-06-18 20:15:53,399 [Worker-53: Building] INFO  o.e.m.c.i.embedder.EclipseLogger - Using 'UTF-8' encoding to copy filtered resources.
2023-06-18 20:15:53,400 [Worker-53: Building] INFO  o.e.m.c.i.embedder.EclipseLogger - skip non existing resourceDirectory F:\springwork\ImageTextReader\src\test\resources
2023-06-18 20:16:04,755 [Worker-53: Building] INFO  o.e.m.c.i.embedder.EclipseLogger - Using 'UTF-8' encoding to copy filtered resources.
2023-06-18 20:16:04,756 [Worker-53: Building] INFO  o.e.m.c.i.embedder.EclipseLogger - skip non existing resourceDirectory F:\springwork\ImageTextReader\src\main\resources
2023-06-18 20:16:04,759 [Worker-53: Building] INFO  o.e.m.c.i.embedder.EclipseLogger - Using 'UTF-8' encoding to copy filtered resources.
2023-06-18 20:16:04,760 [Worker-53: Building] INFO  o.e.m.c.i.embedder.EclipseLogger - skip non existing resourceDirectory F:\springwork\ImageTextReader\src\test\resources
2023-06-18 20:17:45,832 [Worker-67: Building] INFO  o.e.m.c.i.embedder.EclipseLogger - Using 'UTF-8' encoding to copy filtered resources.
2023-06-18 20:17:45,833 [Worker-67: Building] INFO  o.e.m.c.i.embedder.EclipseLogger - skip non existing resourceDirectory F:\springwork\ImageTextReader\src\main\resources
2023-06-18 20:17:45,839 [Worker-67: Building] INFO  o.e.m.c.i.embedder.EclipseLogger - Using 'UTF-8' encoding to copy filtered resources.
2023-06-18 20:17:45,839 [Worker-67: Building] INFO  o.e.m.c.i.embedder.EclipseLogger - skip non existing resourceDirectory F:\springwork\ImageTextReader\src\test\resources
2023-06-18 20:17:53,869 [Worker-64: Building] INFO  o.e.m.c.i.embedder.EclipseLogger - Using 'UTF-8' encoding to copy filtered resources.
2023-06-18 20:17:53,869 [Worker-64: Building] INFO  o.e.m.c.i.embedder.EclipseLogger - skip non existing resourceDirectory F:\springwork\ImageTextReader\src\main\resources
2023-06-18 20:17:53,876 [Worker-64: Building] INFO  o.e.m.c.i.embedder.EclipseLogger - Using 'UTF-8' encoding to copy filtered resources.
2023-06-18 20:17:53,877 [Worker-64: Building] INFO  o.e.m.c.i.embedder.EclipseLogger - skip non existing resourceDirectory F:\springwork\ImageTextReader\src\test\resources
2023-06-18 20:22:28,750 [Worker-69: Building] INFO  o.e.m.c.i.embedder.EclipseLogger - Using 'UTF-8' encoding to copy filtered resources.
2023-06-18 20:22:28,752 [Worker-69: Building] INFO  o.e.m.c.i.embedder.EclipseLogger - skip non existing resourceDirectory F:\springwork\ImageTextReader\src\main\resources
2023-06-18 20:22:28,758 [Worker-69: Building] INFO  o.e.m.c.i.embedder.EclipseLogger - Using 'UTF-8' encoding to copy filtered resources.
2023-06-18 20:22:28,758 [Worker-69: Building] INFO  o.e.m.c.i.embedder.EclipseLogger - skip non existing resourceDirectory F:\springwork\ImageTextReader\src\test\resources
2023-06-18 20:23:37,698 [Worker-74: Building] INFO  o.e.m.c.i.embedder.EclipseLogger - Using 'UTF-8' encoding to copy filtered resources.
2023-06-18 20:23:37,699 [Worker-74: Building] INFO  o.e.m.c.i.embedder.EclipseLogger - skip non existing resourceDirectory F:\springwork\ImageTextReader\src\main\resources
2023-06-18 20:23:37,702 [Worker-74: Building] INFO  o.e.m.c.i.embedder.EclipseLogger - Using 'UTF-8' encoding to copy filtered resources.
2023-06-18 20:23:37,703 [Worker-74: Building] INFO  o.e.m.c.i.embedder.EclipseLogger - skip non existing resourceDirectory F:\springwork\ImageTextReader\src\test\resources
2023-06-18 20:30:02,806 [Worker-77: Building] INFO  o.e.m.c.i.embedder.EclipseLogger - Using 'UTF-8' encoding to copy filtered resources.
2023-06-18 20:30:02,806 [Worker-77: Building] INFO  o.e.m.c.i.embedder.EclipseLogger - skip non existing resourceDirectory F:\springwork\ImageTextReader\src\main\resources
2023-06-18 20:30:02,811 [Worker-77: Building] INFO  o.e.m.c.i.embedder.EclipseLogger - Using 'UTF-8' encoding to copy filtered resources.
2023-06-18 20:30:02,811 [Worker-77: Building] INFO  o.e.m.c.i.embedder.EclipseLogger - skip non existing resourceDirectory F:\springwork\ImageTextReader\src\test\resources
2023-06-18 20:30:44,455 [Worker-92: Building] INFO  o.e.m.c.i.embedder.EclipseLogger - Using 'UTF-8' encoding to copy filtered resources.
2023-06-18 20:30:44,455 [Worker-92: Building] INFO  o.e.m.c.i.embedder.EclipseLogger - skip non existing resourceDirectory F:\springwork\ImageTextReader\src\main\resources
2023-06-18 20:30:44,460 [Worker-92: Building] INFO  o.e.m.c.i.embedder.EclipseLogger - Using 'UTF-8' encoding to copy filtered resources.
2023-06-18 20:30:44,461 [Worker-92: Building] INFO  o.e.m.c.i.embedder.EclipseLogger - skip non existing resourceDirectory F:\springwork\ImageTextReader\src\test\resources
2023-06-18 20:33:22,541 [Worker-51: Building] INFO  o.e.m.c.i.embedder.EclipseLogger - Using 'UTF-8' encoding to copy filtered resources.
2023-06-18 20:33:22,542 [Worker-51: Building] INFO  o.e.m.c.i.embedder.EclipseLogger - skip non existing resourceDirectory F:\springwork\ImageTextReader\src\main\resources
2023-06-18 20:33:22,546 [Worker-51: Building] INFO  o.e.m.c.i.embedder.EclipseLogger - Using 'UTF-8' encoding to copy filtered resources.
2023-06-18 20:33:22,547 [Worker-51: Building] INFO  o.e.m.c.i.embedder.EclipseLogger - skip non existing resourceDirectory F:\springwork\ImageTextReader\src\test\resources
2023-06-18 20:41:26,392 [Worker-95: Building] INFO  o.e.m.c.i.embedder.EclipseLogger - Using 'UTF-8' encoding to copy filtered resources.
2023-06-18 20:41:26,392 [Worker-95: Building] INFO  o.e.m.c.i.embedder.EclipseLogger - skip non existing resourceDirectory F:\springwork\ImageTextReader\src\main\resources
2023-06-18 20:41:26,396 [Worker-95: Building] INFO  o.e.m.c.i.embedder.EclipseLogger - Using 'UTF-8' encoding to copy filtered resources.
2023-06-18 20:41:26,396 [Worker-95: Building] INFO  o.e.m.c.i.embedder.EclipseLogger - skip non existing resourceDirectory F:\springwork\ImageTextReader\src\test\resources
2023-06-18 20:45:05,063 [Worker-96: Building] INFO  o.e.m.c.i.embedder.EclipseLogger - Using 'UTF-8' encoding to copy filtered resources.
2023-06-18 20:45:05,064 [Worker-96: Building] INFO  o.e.m.c.i.embedder.EclipseLogger - skip non existing resourceDirectory F:\springwork\ImageTextReader\src\main\resources
2023-06-18 20:45:05,069 [Worker-96: Building] INFO  o.e.m.c.i.embedder.EclipseLogger - Using 'UTF-8' encoding to copy filtered resources.
2023-06-18 20:45:05,070 [Worker-96: Building] INFO  o.e.m.c.i.embedder.EclipseLogger - skip non existing resourceDirectory F:\springwork\ImageTextReader\src\test\resources
2023-06-18 20:46:11,104 [Worker-103: Building] INFO  o.e.m.c.i.embedder.EclipseLogger - Using 'UTF-8' encoding to copy filtered resources.
2023-06-18 20:46:11,105 [Worker-103: Building] INFO  o.e.m.c.i.embedder.EclipseLogger - skip non existing resourceDirectory F:\springwork\ImageTextReader\src\main\resources
2023-06-18 20:46:11,109 [Worker-103: Building] INFO  o.e.m.c.i.embedder.EclipseLogger - Using 'UTF-8' encoding to copy filtered resources.
2023-06-18 20:46:11,110 [Worker-103: Building] INFO  o.e.m.c.i.embedder.EclipseLogger - skip non existing resourceDirectory F:\springwork\ImageTextReader\src\test\resources
2023-06-18 20:46:22,942 [Worker-97: Building] INFO  o.e.m.c.i.embedder.EclipseLogger - Using 'UTF-8' encoding to copy filtered resources.
2023-06-18 20:46:22,942 [Worker-97: Building] INFO  o.e.m.c.i.embedder.EclipseLogger - skip non existing resourceDirectory F:\springwork\ImageTextReader\src\main\resources
2023-06-18 20:46:22,946 [Worker-97: Building] INFO  o.e.m.c.i.embedder.EclipseLogger - Using 'UTF-8' encoding to copy filtered resources.
2023-06-18 20:46:22,946 [Worker-97: Building] INFO  o.e.m.c.i.embedder.EclipseLogger - skip non existing resourceDirectory F:\springwork\ImageTextReader\src\test\resources
2023-06-18 20:46:27,929 [Worker-89: Building] INFO  o.e.m.c.i.embedder.EclipseLogger - Using 'UTF-8' encoding to copy filtered resources.
2023-06-18 20:46:27,930 [Worker-89: Building] INFO  o.e.m.c.i.embedder.EclipseLogger - skip non existing resourceDirectory F:\springwork\ImageTextReader\src\main\resources
2023-06-18 20:46:27,934 [Worker-89: Building] INFO  o.e.m.c.i.embedder.EclipseLogger - Using 'UTF-8' encoding to copy filtered resources.
2023-06-18 20:46:27,934 [Worker-89: Building] INFO  o.e.m.c.i.embedder.EclipseLogger - skip non existing resourceDirectory F:\springwork\ImageTextReader\src\test\resources
2023-06-18 20:47:19,058 [Worker-98: Building] INFO  o.e.m.c.i.embedder.EclipseLogger - Using 'UTF-8' encoding to copy filtered resources.
2023-06-18 20:47:19,058 [Worker-98: Building] INFO  o.e.m.c.i.embedder.EclipseLogger - skip non existing resourceDirectory F:\springwork\ImageTextReader\src\main\resources
2023-06-18 20:47:19,064 [Worker-98: Building] INFO  o.e.m.c.i.embedder.EclipseLogger - Using 'UTF-8' encoding to copy filtered resources.
2023-06-18 20:47:19,064 [Worker-98: Building] INFO  o.e.m.c.i.embedder.EclipseLogger - skip non existing resourceDirectory F:\springwork\ImageTextReader\src\test\resources
2023-07-17 20:02:30,725 [Worker-1: Loading available Gradle versions] INFO  o.e.b.c.i.u.g.PublishedGradleVersions - Gradle version information cache is up-to-date. Trying to read.
2023-07-17 20:02:51,792 [Worker-9: Building] INFO  o.e.m.c.i.embedder.EclipseLogger - Using 'UTF-8' encoding to copy filtered resources.
2023-07-17 20:02:51,793 [Worker-9: Building] INFO  o.e.m.c.i.embedder.EclipseLogger - skip non existing resourceDirectory F:\springwork\ImageTextReader\src\main\resources
2023-07-17 20:02:51,805 [Worker-9: Building] INFO  o.e.m.c.i.embedder.EclipseLogger - Using 'UTF-8' encoding to copy filtered resources.
2023-07-17 20:02:51,806 [Worker-9: Building] INFO  o.e.m.c.i.embedder.EclipseLogger - skip non existing resourceDirectory F:\springwork\ImageTextReader\src\test\resources
